[2022-07-27 11:30:43,281] multiqc                                            [DEBUG  ]  No MultiQC config found: /localdisk/home/kchhatba/mambaforge/envs/13f8b7bb80e180b51e4fd84d66270711/lib/python3.7/site-packages/multiqc_config.yaml
[2022-07-27 11:30:43,281] multiqc                                            [DEBUG  ]  No MultiQC config found: /datastore/homes3/kchhatba/.multiqc_config.yaml
[2022-07-27 11:30:43,282] multiqc                                            [DEBUG  ]  No MultiQC config found: multiqc_config.yaml
[2022-07-27 11:30:43,282] multiqc                                            [DEBUG  ]  Command used: /localdisk/home/kchhatba/mambaforge/envs/13f8b7bb80e180b51e4fd84d66270711/bin/multiqc -o multiQC -f Sambamba Bowtie2 deepTools_qc
[2022-07-27 11:30:43,480] multiqc                                            [WARNING]  MultiQC Version v1.12 now available!
[2022-07-27 11:30:43,480] multiqc                                            [INFO   ]  This is MultiQC v1.10.1
[2022-07-27 11:30:43,480] multiqc                                            [DEBUG  ]  Command     : /localdisk/home/kchhatba/mambaforge/envs/13f8b7bb80e180b51e4fd84d66270711/bin/multiqc -o multiQC -f Sambamba Bowtie2 deepTools_qc
[2022-07-27 11:30:43,480] multiqc                                            [DEBUG  ]  Working dir : /datastore/homes3/kchhatba/abird/abird/Ibrahim_rebuttal_efforts/source_code/chipseq/data/GSE139509_DNA_mapping
[2022-07-27 11:30:43,480] multiqc                                            [INFO   ]  Template    : default
[2022-07-27 11:30:43,480] multiqc                                            [DEBUG  ]  Running Python 3.7.12 | packaged by conda-forge | (default, Oct 26 2021, 06:08:53)  [GCC 9.4.0]
[2022-07-27 11:30:43,480] multiqc                                            [INFO   ]  Searching   : /datastore/homes3/kchhatba/abird/abird/Ibrahim_rebuttal_efforts/source_code/chipseq/data/GSE139509_DNA_mapping/Sambamba
[2022-07-27 11:30:43,480] multiqc                                            [INFO   ]  Searching   : /datastore/homes3/kchhatba/abird/abird/Ibrahim_rebuttal_efforts/source_code/chipseq/data/GSE139509_DNA_mapping/Bowtie2
[2022-07-27 11:30:43,480] multiqc                                            [INFO   ]  Searching   : /datastore/homes3/kchhatba/abird/abird/Ibrahim_rebuttal_efforts/source_code/chipseq/data/GSE139509_DNA_mapping/deepTools_qc
[2022-07-27 11:30:43,481] multiqc                                            [DEBUG  ]  Analysing modules: custom_content, ngsderive, purple, conpair, peddy, somalier, methylQA, mosdepth, phantompeakqualtools, qualimap, preseq, quast, qorts, rna_seqc, rockhopper, rsem, rseqc, busco, goleft_indexcov, disambiguate, supernova, deeptools, sargasso, verifybamid, mirtrace, happy, mirtop, homer, hops, macs2, theta2, snpeff, gatk, htseq, bcftools, featureCounts, fgbio, dragen, dedup, damageprofiler, biobambam2, jcvi, mtnucratio, picard, sentieon, prokka, qc3C, samblaster, samtools, sexdeterrmine, eigenstratdatabasetools, bamtools, jellyfish, vcftools, longranger, stacks, varscan2, bbmap, bismark, biscuit, hicexplorer, hicup, hicpro, salmon, kallisto, slamdunk, star, hisat2, tophat, bowtie2, bowtie1, snpsplit, kat, leehom, adapterRemoval, clipandmerge, cutadapt, flexbar, kaiju, kraken, malt, trimmomatic, sickle, skewer, sortmerna, biobloomtools, fastq_screen, afterqc, fastp, fastqc, pychopper, pycoqc, minionqc, multivcfanalyzer, clusterflow, bcl2fastq, interop, ivar, flash, seqyclean, optitype
[2022-07-27 11:30:43,482] multiqc                                            [DEBUG  ]  Using temporary directory for creating report: /datastore/homes3/kchhatba/temp/tmp8z6zv5xm
[2022-07-27 11:30:43,882] multiqc                                            [DEBUG  ]  File ignored by hicexplorer because it exceeded search pattern filesize limit: SRR10357002.flagstat.log
[2022-07-27 11:30:43,889] multiqc                                            [DEBUG  ]  File ignored by longranger/invocation because it exceeded search pattern filesize limit: SRR10357002.flagstat.log
[2022-07-27 11:30:43,951] multiqc                                            [DEBUG  ]  File ignored by hicexplorer because it exceeded search pattern filesize limit: SRR10357000.flagstat.log
[2022-07-27 11:30:43,957] multiqc                                            [DEBUG  ]  File ignored by longranger/invocation because it exceeded search pattern filesize limit: SRR10357000.flagstat.log
[2022-07-27 11:30:44,018] multiqc                                            [DEBUG  ]  File ignored by hicexplorer because it exceeded search pattern filesize limit: SRR10357004.flagstat.log
[2022-07-27 11:30:44,025] multiqc                                            [DEBUG  ]  File ignored by longranger/invocation because it exceeded search pattern filesize limit: SRR10357004.flagstat.log
[2022-07-27 11:30:44,086] multiqc                                            [DEBUG  ]  File ignored by hicexplorer because it exceeded search pattern filesize limit: SRR10357001.flagstat.log
[2022-07-27 11:30:44,093] multiqc                                            [DEBUG  ]  File ignored by longranger/invocation because it exceeded search pattern filesize limit: SRR10357001.flagstat.log
[2022-07-27 11:30:44,146] multiqc                                            [DEBUG  ]  File ignored by hicexplorer because it exceeded search pattern filesize limit: SRR10356997.flagstat.log
[2022-07-27 11:30:44,152] multiqc                                            [DEBUG  ]  File ignored by longranger/invocation because it exceeded search pattern filesize limit: SRR10356997.flagstat.log
[2022-07-27 11:30:44,210] multiqc                                            [DEBUG  ]  File ignored by hicexplorer because it exceeded search pattern filesize limit: SRR10356999.flagstat.log
[2022-07-27 11:30:44,216] multiqc                                            [DEBUG  ]  File ignored by longranger/invocation because it exceeded search pattern filesize limit: SRR10356999.flagstat.log
[2022-07-27 11:30:44,277] multiqc                                            [DEBUG  ]  File ignored by hicexplorer because it exceeded search pattern filesize limit: SRR10357003.flagstat.log
[2022-07-27 11:30:44,283] multiqc                                            [DEBUG  ]  File ignored by longranger/invocation because it exceeded search pattern filesize limit: SRR10357003.flagstat.log
[2022-07-27 11:30:44,345] multiqc                                            [DEBUG  ]  File ignored by hicexplorer because it exceeded search pattern filesize limit: SRR10356998.flagstat.log
[2022-07-27 11:30:44,351] multiqc                                            [DEBUG  ]  File ignored by longranger/invocation because it exceeded search pattern filesize limit: SRR10356998.flagstat.log
[2022-07-27 11:30:44,404] multiqc                                            [DEBUG  ]  Ignoring file as matched an ignore pattern: SRR10357003.bam.bai
[2022-07-27 11:30:44,404] multiqc                                            [DEBUG  ]  Ignoring file as matched an ignore pattern: SRR10357003.bam
[2022-07-27 11:30:44,404] multiqc                                            [DEBUG  ]  Ignoring file as matched an ignore pattern: SRR10357001.bam.bai
[2022-07-27 11:30:44,404] multiqc                                            [DEBUG  ]  Ignoring file as matched an ignore pattern: SRR10356997.bam.bai
[2022-07-27 11:30:44,430] multiqc                                            [DEBUG  ]  Ignoring file as matched an ignore pattern: SRR10356997.bam
[2022-07-27 11:30:44,430] multiqc                                            [DEBUG  ]  Ignoring file as matched an ignore pattern: SRR10356998.bam.bai
[2022-07-27 11:30:44,430] multiqc                                            [DEBUG  ]  Ignoring file as matched an ignore pattern: SRR10356998.bam
[2022-07-27 11:30:44,584] multiqc                                            [DEBUG  ]  Ignoring file as matched an ignore pattern: SRR10357002.bam.bai
[2022-07-27 11:30:44,584] multiqc                                            [DEBUG  ]  Ignoring file as matched an ignore pattern: SRR10356999.bam
[2022-07-27 11:30:44,584] multiqc                                            [DEBUG  ]  Ignoring file as matched an ignore pattern: SRR10357004.bam
[2022-07-27 11:30:44,584] multiqc                                            [DEBUG  ]  Ignoring file as matched an ignore pattern: SRR10357000.bam
[2022-07-27 11:30:44,584] multiqc                                            [DEBUG  ]  Ignoring file as matched an ignore pattern: SRR10357001.bam
[2022-07-27 11:30:44,584] multiqc                                            [DEBUG  ]  Ignoring file as matched an ignore pattern: SRR10357002.bam
[2022-07-27 11:30:44,585] multiqc                                            [DEBUG  ]  Ignoring file as matched an ignore pattern: SRR10357004.bam.bai
[2022-07-27 11:30:44,585] multiqc                                            [DEBUG  ]  Ignoring file as matched an ignore pattern: SRR10356999.bam.bai
[2022-07-27 11:30:44,611] multiqc                                            [DEBUG  ]  Ignoring file as matched an ignore pattern: SRR10357000.bam.bai
[2022-07-27 11:30:46,035] multiqc                                            [DEBUG  ]  File ignored by longranger/invocation because it exceeded search pattern filesize limit: bamPEFragmentSize.out
[2022-07-27 11:30:46,596] multiqc                                            [DEBUG  ]  File ignored by hicexplorer because it exceeded search pattern filesize limit: read_coverage.bins.npz
[2022-07-27 11:30:46,601] multiqc                                            [DEBUG  ]  File ignored by longranger/invocation because it exceeded search pattern filesize limit: read_coverage.bins.npz
[2022-07-27 11:30:46,601] multiqc                                            [DEBUG  ]  File ignored by rockhopper because it exceeded search pattern filesize limit: read_coverage.bins.npz
[2022-07-27 11:30:46,601] multiqc                                            [DEBUG  ]  File ignored by rseqc/bam_stat because it exceeded search pattern filesize limit: read_coverage.bins.npz
[2022-07-27 11:30:46,601] multiqc                                            [DEBUG  ]  File ignored by rseqc/junction_annotation because it exceeded search pattern filesize limit: read_coverage.bins.npz
[2022-07-27 11:30:46,601] multiqc                                            [DEBUG  ]  File ignored by rseqc/read_distribution because it exceeded search pattern filesize limit: read_coverage.bins.npz
[2022-07-27 11:30:46,601] multiqc                                            [DEBUG  ]  File ignored by rseqc/infer_experiment because it exceeded search pattern filesize limit: read_coverage.bins.npz
[2022-07-27 11:30:46,602] multiqc                                            [DEBUG  ]  File ignored by stacks/sumstats because it exceeded search pattern filesize limit: read_coverage.bins.npz
[2022-07-27 11:30:47,258] multiqc.plots.bargraph                             [DEBUG  ]  Using matplotlib version 3.5.2
[2022-07-27 11:30:47,259] multiqc.plots.linegraph                            [DEBUG  ]  Using matplotlib version 3.5.2
[2022-07-27 11:30:47,260] multiqc                                            [DEBUG  ]  No samples found: custom_content
[2022-07-27 11:30:47,264] multiqc                                            [DEBUG  ]  No samples found: ngsderive
[2022-07-27 11:30:47,267] multiqc                                            [DEBUG  ]  No samples found: purple
[2022-07-27 11:30:47,270] multiqc                                            [DEBUG  ]  No samples found: conpair
[2022-07-27 11:30:47,273] multiqc                                            [DEBUG  ]  No samples found: peddy
[2022-07-27 11:30:47,276] multiqc                                            [DEBUG  ]  No samples found: somalier
[2022-07-27 11:30:47,280] multiqc                                            [DEBUG  ]  No samples found: methylQA
[2022-07-27 11:30:47,283] multiqc                                            [DEBUG  ]  No samples found: mosdepth
[2022-07-27 11:30:47,286] multiqc                                            [DEBUG  ]  No samples found: phantompeakqualtools
[2022-07-27 11:30:47,288] multiqc                                            [DEBUG  ]  No samples found: qualimap
[2022-07-27 11:30:47,291] multiqc                                            [DEBUG  ]  No samples found: preseq
[2022-07-27 11:30:47,294] multiqc                                            [DEBUG  ]  No samples found: quast
[2022-07-27 11:30:47,297] multiqc                                            [DEBUG  ]  No samples found: qorts
[2022-07-27 11:30:47,300] multiqc                                            [DEBUG  ]  No samples found: rna_seqc
[2022-07-27 11:30:47,302] multiqc                                            [DEBUG  ]  No samples found: rockhopper
[2022-07-27 11:30:47,305] multiqc                                            [DEBUG  ]  No samples found: rsem
[2022-07-27 11:30:47,309] multiqc                                            [DEBUG  ]  No samples found: rseqc
[2022-07-27 11:30:47,312] multiqc                                            [DEBUG  ]  No samples found: busco
[2022-07-27 11:30:47,315] multiqc                                            [DEBUG  ]  No samples found: goleft_indexcov
[2022-07-27 11:30:47,318] multiqc                                            [DEBUG  ]  No samples found: disambiguate
[2022-07-27 11:30:47,320] multiqc                                            [DEBUG  ]  No samples found: supernova
[2022-07-27 11:30:47,341] multiqc.modules.deeptools.deeptools                [DEBUG  ]  Found 8 deepTools 'bamPEFragmentSize --table' samples
[2022-07-27 11:30:47,351] multiqc.modules.deeptools.deeptools                [DEBUG  ]  Found 8 and 0 deepTools plotCoverage standard output and --outRawCounts samples, respectively (you may need to increase the maximum log file size to find plotCoverage --outRawCounts files)
[2022-07-27 11:30:47,369] multiqc.modules.deeptools.deeptools                [DEBUG  ]  Found 8 deepTools estimateReadFiltering samples
[2022-07-27 11:30:47,369] multiqc.modules.deeptools.deeptools                [INFO   ]  Found 24 total deepTools samples
[2022-07-27 11:30:47,372] multiqc                                            [DEBUG  ]  No samples found: sargasso
[2022-07-27 11:30:47,375] multiqc                                            [DEBUG  ]  No samples found: verifybamid
[2022-07-27 11:30:47,377] multiqc                                            [DEBUG  ]  No samples found: mirtrace
[2022-07-27 11:30:47,380] multiqc                                            [DEBUG  ]  No samples found: happy
[2022-07-27 11:30:47,383] multiqc                                            [DEBUG  ]  No samples found: mirtop
[2022-07-27 11:30:47,386] multiqc                                            [DEBUG  ]  No samples found: homer
[2022-07-27 11:30:47,389] multiqc                                            [DEBUG  ]  No samples found: hops
[2022-07-27 11:30:47,392] multiqc                                            [DEBUG  ]  No samples found: macs2
[2022-07-27 11:30:47,394] multiqc                                            [DEBUG  ]  No samples found: theta2
[2022-07-27 11:30:47,397] multiqc                                            [DEBUG  ]  No samples found: snpeff
[2022-07-27 11:30:47,400] multiqc                                            [DEBUG  ]  No samples found: gatk
[2022-07-27 11:30:47,403] multiqc                                            [DEBUG  ]  No samples found: htseq
[2022-07-27 11:30:47,406] multiqc                                            [DEBUG  ]  No samples found: bcftools
[2022-07-27 11:30:47,409] multiqc                                            [DEBUG  ]  No samples found: featureCounts
[2022-07-27 11:30:47,413] multiqc                                            [DEBUG  ]  No samples found: fgbio
[2022-07-27 11:30:47,417] multiqc                                            [DEBUG  ]  No samples found: dragen
[2022-07-27 11:30:47,420] multiqc                                            [DEBUG  ]  No samples found: dedup
[2022-07-27 11:30:47,423] multiqc                                            [DEBUG  ]  No samples found: damageprofiler
[2022-07-27 11:30:47,428] multiqc                                            [DEBUG  ]  No samples found: biobambam2
[2022-07-27 11:30:47,431] multiqc                                            [DEBUG  ]  No samples found: jcvi
[2022-07-27 11:30:47,434] multiqc                                            [DEBUG  ]  No samples found: mtnucratio
[2022-07-27 11:30:47,437] multiqc                                            [DEBUG  ]  No samples found: picard
[2022-07-27 11:30:47,440] multiqc                                            [DEBUG  ]  No samples found: sentieon
[2022-07-27 11:30:47,443] multiqc                                            [DEBUG  ]  No samples found: prokka
[2022-07-27 11:30:47,446] multiqc                                            [DEBUG  ]  No samples found: qc3C
[2022-07-27 11:30:47,517] multiqc                                            [DEBUG  ]  No samples found: samblaster
[2022-07-27 11:30:47,534] multiqc.modules.samtools.samtools                  [INFO   ]  Found 8 flagstat reports
[2022-07-27 11:30:47,537] multiqc                                            [DEBUG  ]  No samples found: sexdeterrmine
[2022-07-27 11:30:47,540] multiqc                                            [DEBUG  ]  No samples found: eigenstratdatabasetools
[2022-07-27 11:30:47,542] multiqc                                            [DEBUG  ]  No samples found: bamtools
[2022-07-27 11:30:47,545] multiqc                                            [DEBUG  ]  No samples found: jellyfish
[2022-07-27 11:30:47,548] multiqc                                            [DEBUG  ]  No samples found: vcftools
[2022-07-27 11:30:47,551] multiqc                                            [DEBUG  ]  No samples found: longranger
[2022-07-27 11:30:47,554] multiqc                                            [DEBUG  ]  No samples found: stacks
[2022-07-27 11:30:47,557] multiqc                                            [DEBUG  ]  No samples found: varscan2
[2022-07-27 11:30:47,561] multiqc                                            [DEBUG  ]  No samples found: bbmap
[2022-07-27 11:30:47,564] multiqc                                            [DEBUG  ]  No samples found: bismark
[2022-07-27 11:30:47,567] multiqc                                            [DEBUG  ]  No samples found: biscuit
[2022-07-27 11:30:47,569] multiqc                                            [DEBUG  ]  No samples found: hicexplorer
[2022-07-27 11:30:47,572] multiqc                                            [DEBUG  ]  No samples found: hicup
[2022-07-27 11:30:47,575] multiqc                                            [DEBUG  ]  No samples found: hicpro
[2022-07-27 11:30:47,578] multiqc                                            [DEBUG  ]  No samples found: salmon
[2022-07-27 11:30:47,580] multiqc                                            [DEBUG  ]  No samples found: kallisto
[2022-07-27 11:30:47,583] multiqc                                            [DEBUG  ]  No samples found: slamdunk
[2022-07-27 11:30:47,586] multiqc                                            [DEBUG  ]  No samples found: star
[2022-07-27 11:30:47,589] multiqc                                            [DEBUG  ]  No samples found: hisat2
[2022-07-27 11:30:47,592] multiqc                                            [DEBUG  ]  No samples found: tophat
[2022-07-27 11:30:47,597] multiqc.modules.bowtie2.bowtie2                    [INFO   ]  Found 8 reports
[2022-07-27 11:30:47,609] multiqc                                            [DEBUG  ]  No samples found: bowtie1
[2022-07-27 11:30:47,612] multiqc                                            [DEBUG  ]  No samples found: snpsplit
[2022-07-27 11:30:47,614] multiqc                                            [DEBUG  ]  No samples found: kat
[2022-07-27 11:30:47,617] multiqc                                            [DEBUG  ]  No samples found: leehom
[2022-07-27 11:30:47,620] multiqc                                            [DEBUG  ]  No samples found: adapterRemoval
[2022-07-27 11:30:47,623] multiqc                                            [DEBUG  ]  No samples found: clipandmerge
[2022-07-27 11:30:47,626] multiqc                                            [DEBUG  ]  No samples found: cutadapt
[2022-07-27 11:30:47,628] multiqc                                            [DEBUG  ]  No samples found: flexbar
[2022-07-27 11:30:47,631] multiqc                                            [DEBUG  ]  No samples found: kaiju
[2022-07-27 11:30:47,634] multiqc                                            [DEBUG  ]  No samples found: kraken
[2022-07-27 11:30:47,637] multiqc                                            [DEBUG  ]  No samples found: malt
[2022-07-27 11:30:47,639] multiqc                                            [DEBUG  ]  No samples found: trimmomatic
[2022-07-27 11:30:47,642] multiqc                                            [DEBUG  ]  No samples found: sickle
[2022-07-27 11:30:47,645] multiqc                                            [DEBUG  ]  No samples found: skewer
[2022-07-27 11:30:47,648] multiqc                                            [DEBUG  ]  No samples found: sortmerna
[2022-07-27 11:30:47,650] multiqc                                            [DEBUG  ]  No samples found: biobloomtools
[2022-07-27 11:30:47,654] multiqc                                            [DEBUG  ]  No samples found: fastq_screen
[2022-07-27 11:30:47,656] multiqc                                            [DEBUG  ]  No samples found: afterqc
[2022-07-27 11:30:47,659] multiqc                                            [DEBUG  ]  No samples found: fastp
[2022-07-27 11:30:47,662] multiqc                                            [DEBUG  ]  No samples found: fastqc
[2022-07-27 11:30:47,665] multiqc                                            [DEBUG  ]  No samples found: pychopper
[2022-07-27 11:30:47,668] multiqc                                            [DEBUG  ]  No samples found: pycoqc
[2022-07-27 11:30:47,670] multiqc                                            [DEBUG  ]  No samples found: minionqc
[2022-07-27 11:30:47,673] multiqc                                            [DEBUG  ]  No samples found: multivcfanalyzer
[2022-07-27 11:30:47,676] multiqc                                            [DEBUG  ]  No samples found: clusterflow
[2022-07-27 11:30:47,679] multiqc                                            [DEBUG  ]  No samples found: bcl2fastq
[2022-07-27 11:30:47,681] multiqc                                            [DEBUG  ]  No samples found: interop
[2022-07-27 11:30:47,684] multiqc                                            [DEBUG  ]  No samples found: ivar
[2022-07-27 11:30:47,687] multiqc                                            [DEBUG  ]  No samples found: flash
[2022-07-27 11:30:47,690] multiqc                                            [DEBUG  ]  No samples found: seqyclean
[2022-07-27 11:30:47,692] multiqc                                            [DEBUG  ]  No samples found: optitype
[2022-07-27 11:30:47,705] multiqc                                            [INFO   ]  Compressing plot data
[2022-07-27 11:30:47,722] multiqc                                            [INFO   ]  Report      : multiQC/multiqc_report.html
[2022-07-27 11:30:47,722] multiqc                                            [INFO   ]  Data        : multiQC/multiqc_data
[2022-07-27 11:30:47,722] multiqc                                            [DEBUG  ]  Moving data file from '/datastore/homes3/kchhatba/temp/tmp8z6zv5xm/multiqc_data' to 'multiQC/multiqc_data'
[2022-07-27 11:30:48,235] multiqc                                            [INFO   ]  MultiQC complete
