INFO  @ Thu, 28 Jul 2022 10:55:31: 
# Command line: callpeak -t filtered_bam/SRR1930028.filtered.bam -c filtered_bam/SRR1930029.filtered.bam -f BAM -g 2620345972 -g mm -m 1 30 -p 0.2 --call-summits --keep-dup all --keep-dup all --outdir MACS2 --name SRR1930028.filtered.BAM --mfold 0 50 --extsize 150
# ARGUMENTS LIST:
# name = SRR1930028.filtered.BAM
# format = BAM
# ChIP-seq file = ['filtered_bam/SRR1930028.filtered.bam']
# control file = ['filtered_bam/SRR1930029.filtered.bam']
# effective genome size = 1.87e+09
# band width = 300
# model fold = [0, 50]
# pvalue cutoff = 2.00e-01
# qvalue will not be calculated and reported as -1 in the final output.
# The maximum gap between significant sites is assigned as the read length/tag size.
# The minimum length of peaks is assigned as the predicted fragment length "d".
# Larger dataset will be scaled towards smaller dataset.
# Range for calculating regional lambda is: 1000 bps and 10000 bps
# Broad region calling is off
# Paired-End mode is off
# Searching for subpeak summits is on
 
INFO  @ Thu, 28 Jul 2022 10:55:31: #1 read tag files... 
INFO  @ Thu, 28 Jul 2022 10:55:31: #1 read treatment tags... 
INFO  @ Thu, 28 Jul 2022 10:55:33:  1000000 
INFO  @ Thu, 28 Jul 2022 10:55:34:  2000000 
INFO  @ Thu, 28 Jul 2022 10:55:36:  3000000 
INFO  @ Thu, 28 Jul 2022 10:55:38:  4000000 
INFO  @ Thu, 28 Jul 2022 10:55:40:  5000000 
INFO  @ Thu, 28 Jul 2022 10:55:41:  6000000 
INFO  @ Thu, 28 Jul 2022 10:55:43:  7000000 
INFO  @ Thu, 28 Jul 2022 10:55:45:  8000000 
INFO  @ Thu, 28 Jul 2022 10:55:47:  9000000 
INFO  @ Thu, 28 Jul 2022 10:55:48:  10000000 
INFO  @ Thu, 28 Jul 2022 10:55:50:  11000000 
INFO  @ Thu, 28 Jul 2022 10:55:52:  12000000 
INFO  @ Thu, 28 Jul 2022 10:55:54:  13000000 
INFO  @ Thu, 28 Jul 2022 10:55:56:  14000000 
INFO  @ Thu, 28 Jul 2022 10:55:58:  15000000 
INFO  @ Thu, 28 Jul 2022 10:56:00:  16000000 
INFO  @ Thu, 28 Jul 2022 10:56:02:  17000000 
INFO  @ Thu, 28 Jul 2022 10:56:04:  18000000 
INFO  @ Thu, 28 Jul 2022 10:56:05:  19000000 
INFO  @ Thu, 28 Jul 2022 10:56:07:  20000000 
INFO  @ Thu, 28 Jul 2022 10:56:09:  21000000 
INFO  @ Thu, 28 Jul 2022 10:56:12: 21856427 reads have been read. 
INFO  @ Thu, 28 Jul 2022 10:56:12: #1.2 read input tags... 
INFO  @ Thu, 28 Jul 2022 10:56:14:  1000000 
INFO  @ Thu, 28 Jul 2022 10:56:16:  2000000 
INFO  @ Thu, 28 Jul 2022 10:56:18:  3000000 
INFO  @ Thu, 28 Jul 2022 10:56:20:  4000000 
INFO  @ Thu, 28 Jul 2022 10:56:22:  5000000 
INFO  @ Thu, 28 Jul 2022 10:56:24:  6000000 
INFO  @ Thu, 28 Jul 2022 10:56:26:  7000000 
INFO  @ Thu, 28 Jul 2022 10:56:28:  8000000 
INFO  @ Thu, 28 Jul 2022 10:56:29:  9000000 
INFO  @ Thu, 28 Jul 2022 10:56:31:  10000000 
INFO  @ Thu, 28 Jul 2022 10:56:33:  11000000 
INFO  @ Thu, 28 Jul 2022 10:56:35:  12000000 
INFO  @ Thu, 28 Jul 2022 10:56:37:  13000000 
INFO  @ Thu, 28 Jul 2022 10:56:39:  14000000 
INFO  @ Thu, 28 Jul 2022 10:56:40:  15000000 
INFO  @ Thu, 28 Jul 2022 10:56:41: 15028978 reads have been read. 
INFO  @ Thu, 28 Jul 2022 10:56:41: #1 tag size is determined as 50 bps 
INFO  @ Thu, 28 Jul 2022 10:56:41: #1 tag size = 50.0 
INFO  @ Thu, 28 Jul 2022 10:56:41: #1  total tags in treatment: 21856427 
INFO  @ Thu, 28 Jul 2022 10:56:41: #1  total tags in control: 15028978 
INFO  @ Thu, 28 Jul 2022 10:56:41: #1 finished! 
INFO  @ Thu, 28 Jul 2022 10:56:41: #2 Build Peak Model... 
INFO  @ Thu, 28 Jul 2022 10:56:41: #2 looking for paired plus/minus strand peaks... 
INFO  @ Thu, 28 Jul 2022 10:57:03: #2 number of paired peaks: 1086317 
INFO  @ Thu, 28 Jul 2022 10:57:03: start model_add_line... 
INFO  @ Thu, 28 Jul 2022 10:57:04: start X-correlation... 
INFO  @ Thu, 28 Jul 2022 10:57:04: end of X-cor 
INFO  @ Thu, 28 Jul 2022 10:57:04: #2 finished! 
INFO  @ Thu, 28 Jul 2022 10:57:04: #2 predicted fragment length is 298 bps 
INFO  @ Thu, 28 Jul 2022 10:57:04: #2 alternative fragment length(s) may be 298 bps 
INFO  @ Thu, 28 Jul 2022 10:57:04: #2.2 Generate R script for model : MACS2/SRR1930028.filtered.BAM_model.r 
INFO  @ Thu, 28 Jul 2022 10:57:04: #3 Call peaks... 
INFO  @ Thu, 28 Jul 2022 10:57:04: #3 Going to call summits inside each peak ... 
INFO  @ Thu, 28 Jul 2022 10:57:04: #3 Call peaks with given -log10pvalue cutoff: 0.69897 ... 
INFO  @ Thu, 28 Jul 2022 10:57:04: #3 Pre-compute pvalue-qvalue table... 
INFO  @ Thu, 28 Jul 2022 10:59:13: #3 Call peaks for each chromosome... 
INFO  @ Thu, 28 Jul 2022 10:59:48: #4 Write output xls file... MACS2/SRR1930028.filtered.BAM_peaks.xls 
INFO  @ Thu, 28 Jul 2022 10:59:48: #4 Write peak in narrowPeak format file... MACS2/SRR1930028.filtered.BAM_peaks.narrowPeak 
INFO  @ Thu, 28 Jul 2022 10:59:48: #4 Write summits bed file... MACS2/SRR1930028.filtered.BAM_summits.bed 
INFO  @ Thu, 28 Jul 2022 10:59:48: Done! 
