INFO  @ Thu, 28 Jul 2022 10:55:31: 
# Command line: callpeak -t filtered_bam/SRR1930030.filtered.bam -c filtered_bam/SRR1930031.filtered.bam -f BAM -g 2620345972 -g mm -m 1 30 -p 0.2 --call-summits --keep-dup all --keep-dup all --outdir MACS2 --name SRR1930030.filtered.BAM --mfold 0 50 --extsize 150
# ARGUMENTS LIST:
# name = SRR1930030.filtered.BAM
# format = BAM
# ChIP-seq file = ['filtered_bam/SRR1930030.filtered.bam']
# control file = ['filtered_bam/SRR1930031.filtered.bam']
# effective genome size = 1.87e+09
# band width = 300
# model fold = [0, 50]
# pvalue cutoff = 2.00e-01
# qvalue will not be calculated and reported as -1 in the final output.
# The maximum gap between significant sites is assigned as the read length/tag size.
# The minimum length of peaks is assigned as the predicted fragment length "d".
# Larger dataset will be scaled towards smaller dataset.
# Range for calculating regional lambda is: 1000 bps and 10000 bps
# Broad region calling is off
# Paired-End mode is off
# Searching for subpeak summits is on
 
INFO  @ Thu, 28 Jul 2022 10:55:31: #1 read tag files... 
INFO  @ Thu, 28 Jul 2022 10:55:31: #1 read treatment tags... 
INFO  @ Thu, 28 Jul 2022 10:55:33:  1000000 
INFO  @ Thu, 28 Jul 2022 10:55:34:  2000000 
INFO  @ Thu, 28 Jul 2022 10:55:36:  3000000 
INFO  @ Thu, 28 Jul 2022 10:55:38:  4000000 
INFO  @ Thu, 28 Jul 2022 10:55:40:  5000000 
INFO  @ Thu, 28 Jul 2022 10:55:41:  6000000 
INFO  @ Thu, 28 Jul 2022 10:55:43:  7000000 
INFO  @ Thu, 28 Jul 2022 10:55:45:  8000000 
INFO  @ Thu, 28 Jul 2022 10:55:47:  9000000 
INFO  @ Thu, 28 Jul 2022 10:55:48:  10000000 
INFO  @ Thu, 28 Jul 2022 10:55:50:  11000000 
INFO  @ Thu, 28 Jul 2022 10:55:52:  12000000 
INFO  @ Thu, 28 Jul 2022 10:55:54:  13000000 
INFO  @ Thu, 28 Jul 2022 10:55:56:  14000000 
INFO  @ Thu, 28 Jul 2022 10:55:57:  15000000 
INFO  @ Thu, 28 Jul 2022 10:55:59:  16000000 
INFO  @ Thu, 28 Jul 2022 10:56:01:  17000000 
INFO  @ Thu, 28 Jul 2022 10:56:03:  18000000 
INFO  @ Thu, 28 Jul 2022 10:56:05:  19000000 
INFO  @ Thu, 28 Jul 2022 10:56:06:  20000000 
INFO  @ Thu, 28 Jul 2022 10:56:08:  21000000 
INFO  @ Thu, 28 Jul 2022 10:56:10:  22000000 
INFO  @ Thu, 28 Jul 2022 10:56:12:  23000000 
INFO  @ Thu, 28 Jul 2022 10:56:14:  24000000 
INFO  @ Thu, 28 Jul 2022 10:56:16:  25000000 
INFO  @ Thu, 28 Jul 2022 10:56:18:  26000000 
INFO  @ Thu, 28 Jul 2022 10:56:20:  27000000 
INFO  @ Thu, 28 Jul 2022 10:56:22:  28000000 
INFO  @ Thu, 28 Jul 2022 10:56:23:  29000000 
INFO  @ Thu, 28 Jul 2022 10:56:25:  30000000 
INFO  @ Thu, 28 Jul 2022 10:56:27:  31000000 
INFO  @ Thu, 28 Jul 2022 10:56:29:  32000000 
INFO  @ Thu, 28 Jul 2022 10:56:31:  33000000 
INFO  @ Thu, 28 Jul 2022 10:56:33:  34000000 
INFO  @ Thu, 28 Jul 2022 10:56:35:  35000000 
INFO  @ Thu, 28 Jul 2022 10:56:36:  36000000 
INFO  @ Thu, 28 Jul 2022 10:56:38:  37000000 
INFO  @ Thu, 28 Jul 2022 10:56:40:  38000000 
INFO  @ Thu, 28 Jul 2022 10:56:42:  39000000 
INFO  @ Thu, 28 Jul 2022 10:56:44:  40000000 
INFO  @ Thu, 28 Jul 2022 10:56:45:  41000000 
INFO  @ Thu, 28 Jul 2022 10:56:47:  42000000 
INFO  @ Thu, 28 Jul 2022 10:56:49:  43000000 
INFO  @ Thu, 28 Jul 2022 10:56:50:  44000000 
INFO  @ Thu, 28 Jul 2022 10:56:52:  45000000 
INFO  @ Thu, 28 Jul 2022 10:56:54:  46000000 
INFO  @ Thu, 28 Jul 2022 10:56:55:  47000000 
INFO  @ Thu, 28 Jul 2022 10:56:57:  48000000 
INFO  @ Thu, 28 Jul 2022 10:56:58:  49000000 
INFO  @ Thu, 28 Jul 2022 10:57:00:  50000000 
INFO  @ Thu, 28 Jul 2022 10:57:02:  51000000 
INFO  @ Thu, 28 Jul 2022 10:57:04:  52000000 
INFO  @ Thu, 28 Jul 2022 10:57:07: 52633993 reads have been read. 
INFO  @ Thu, 28 Jul 2022 10:57:07: #1.2 read input tags... 
INFO  @ Thu, 28 Jul 2022 10:57:09:  1000000 
INFO  @ Thu, 28 Jul 2022 10:57:11:  2000000 
INFO  @ Thu, 28 Jul 2022 10:57:13:  3000000 
INFO  @ Thu, 28 Jul 2022 10:57:14:  4000000 
INFO  @ Thu, 28 Jul 2022 10:57:16:  5000000 
INFO  @ Thu, 28 Jul 2022 10:57:18:  6000000 
INFO  @ Thu, 28 Jul 2022 10:57:20:  7000000 
INFO  @ Thu, 28 Jul 2022 10:57:21:  8000000 
INFO  @ Thu, 28 Jul 2022 10:57:23:  9000000 
INFO  @ Thu, 28 Jul 2022 10:57:25:  10000000 
INFO  @ Thu, 28 Jul 2022 10:57:27:  11000000 
INFO  @ Thu, 28 Jul 2022 10:57:28:  12000000 
INFO  @ Thu, 28 Jul 2022 10:57:30: 12783470 reads have been read. 
INFO  @ Thu, 28 Jul 2022 10:57:30: #1 tag size is determined as 50 bps 
INFO  @ Thu, 28 Jul 2022 10:57:30: #1 tag size = 50.0 
INFO  @ Thu, 28 Jul 2022 10:57:30: #1  total tags in treatment: 52633993 
INFO  @ Thu, 28 Jul 2022 10:57:30: #1  total tags in control: 12783470 
INFO  @ Thu, 28 Jul 2022 10:57:30: #1 finished! 
INFO  @ Thu, 28 Jul 2022 10:57:30: #2 Build Peak Model... 
INFO  @ Thu, 28 Jul 2022 10:57:30: #2 looking for paired plus/minus strand peaks... 
INFO  @ Thu, 28 Jul 2022 10:58:06: #2 number of paired peaks: 2103421 
INFO  @ Thu, 28 Jul 2022 10:58:06: start model_add_line... 
INFO  @ Thu, 28 Jul 2022 10:58:12: start X-correlation... 
INFO  @ Thu, 28 Jul 2022 10:58:12: end of X-cor 
INFO  @ Thu, 28 Jul 2022 10:58:12: #2 finished! 
INFO  @ Thu, 28 Jul 2022 10:58:12: #2 predicted fragment length is 297 bps 
INFO  @ Thu, 28 Jul 2022 10:58:12: #2 alternative fragment length(s) may be 297 bps 
INFO  @ Thu, 28 Jul 2022 10:58:12: #2.2 Generate R script for model : MACS2/SRR1930030.filtered.BAM_model.r 
INFO  @ Thu, 28 Jul 2022 10:58:12: #3 Call peaks... 
INFO  @ Thu, 28 Jul 2022 10:58:12: #3 Going to call summits inside each peak ... 
INFO  @ Thu, 28 Jul 2022 10:58:12: #3 Call peaks with given -log10pvalue cutoff: 0.69897 ... 
INFO  @ Thu, 28 Jul 2022 10:58:12: #3 Pre-compute pvalue-qvalue table... 
INFO  @ Thu, 28 Jul 2022 11:00:43: #3 Call peaks for each chromosome... 
INFO  @ Thu, 28 Jul 2022 11:01:16: #4 Write output xls file... MACS2/SRR1930030.filtered.BAM_peaks.xls 
INFO  @ Thu, 28 Jul 2022 11:01:16: #4 Write peak in narrowPeak format file... MACS2/SRR1930030.filtered.BAM_peaks.narrowPeak 
INFO  @ Thu, 28 Jul 2022 11:01:16: #4 Write summits bed file... MACS2/SRR1930030.filtered.BAM_summits.bed 
INFO  @ Thu, 28 Jul 2022 11:01:16: Done! 
