WARNING: The minimum distance between intervals in your blacklist is 0. It makes little biological sense to include small regions between two blacklisted regions. Instead, these should likely be blacklisted as well.
normalization: 1x (effective genome size 2652783500)
bamFilesList: ['filtered_bam/SRR10357003.filtered.bam']
binLength: 25
numberOfSamples: None
blackListFileName: ['/datastore/homes3/kchhatba/temp/GRCm38_gencode_release19/mm10-blacklist.v2.bed']
skipZeroOverZero: False
bed_and_bin: False
genomeChunkSize: None
defaultFragmentLength: 200
numberOfProcessors: 16
verbose: False
region: None
bedFile: None
minMappingQuality: None
ignoreDuplicates: False
chrsToSkip: ['chrX', 'chrY', 'chrM', 'GL456210.1', 'GL456211.1', 'GL456212.1', 'GL456213.1', 'GL456216.1', 'GL456219.1', 'GL456221.1', 'GL456233.1', 'GL456239.1', 'GL456350.1', 'GL456354.1', 'GL456359.1', 'GL456360.1', 'GL456366.1', 'GL456367.1', 'GL456368.1', 'GL456370.1', 'GL456372.1', 'GL456378.1', 'GL456379.1', 'GL456381.1', 'GL456382.1', 'GL456383.1', 'GL456385.1', 'GL456387.1', 'GL456389.1', 'GL456390.1', 'GL456392.1', 'GL456393.1', 'GL456394.1', 'GL456396.1', 'JH584292.1', 'JH584293.1', 'JH584294.1', 'JH584295.1', 'JH584296.1', 'JH584297.1', 'JH584298.1', 'JH584299.1', 'JH584300.1', 'JH584301.1', 'JH584302.1', 'JH584303.1', 'JH584304.1']
stepSize: 25
center_read: False
samFlag_include: None
samFlag_exclude: None
minFragmentLength: 0
maxFragmentLength: 0
zerosToNans: False
smoothLength: None
save_data: False
out_file_for_raw_data: None
maxPairedFragmentLength: 800
