[2022-07-28 14:02:25,747] multiqc                                            [DEBUG  ]  No MultiQC config found: /localdisk/home/kchhatba/mambaforge/envs/13f8b7bb80e180b51e4fd84d66270711/lib/python3.7/site-packages/multiqc_config.yaml
[2022-07-28 14:02:25,748] multiqc                                            [DEBUG  ]  No MultiQC config found: /datastore/homes3/kchhatba/.multiqc_config.yaml
[2022-07-28 14:02:25,749] multiqc                                            [DEBUG  ]  No MultiQC config found: multiqc_config.yaml
[2022-07-28 14:02:25,749] multiqc                                            [DEBUG  ]  Command used: /localdisk/home/kchhatba/mambaforge/envs/13f8b7bb80e180b51e4fd84d66270711/bin/multiqc -o multiQC -f Sambamba Bowtie2 deepTools_qc
[2022-07-28 14:02:26,393] multiqc                                            [WARNING]  MultiQC Version v1.12 now available!
[2022-07-28 14:02:26,393] multiqc                                            [INFO   ]  This is MultiQC v1.10.1
[2022-07-28 14:02:26,393] multiqc                                            [DEBUG  ]  Command     : /localdisk/home/kchhatba/mambaforge/envs/13f8b7bb80e180b51e4fd84d66270711/bin/multiqc -o multiQC -f Sambamba Bowtie2 deepTools_qc
[2022-07-28 14:02:26,393] multiqc                                            [DEBUG  ]  Working dir : /datastore/homes3/kchhatba/abird/abird/Ibrahim_rebuttal_efforts/source_code/chipseq/data/GSE66868_DNA_mapping
[2022-07-28 14:02:26,393] multiqc                                            [INFO   ]  Template    : default
[2022-07-28 14:02:26,393] multiqc                                            [DEBUG  ]  Running Python 3.7.12 | packaged by conda-forge | (default, Oct 26 2021, 06:08:53)  [GCC 9.4.0]
[2022-07-28 14:02:26,393] multiqc                                            [INFO   ]  Searching   : /datastore/homes3/kchhatba/abird/abird/Ibrahim_rebuttal_efforts/source_code/chipseq/data/GSE66868_DNA_mapping/Sambamba
[2022-07-28 14:02:26,393] multiqc                                            [INFO   ]  Searching   : /datastore/homes3/kchhatba/abird/abird/Ibrahim_rebuttal_efforts/source_code/chipseq/data/GSE66868_DNA_mapping/Bowtie2
[2022-07-28 14:02:26,393] multiqc                                            [INFO   ]  Searching   : /datastore/homes3/kchhatba/abird/abird/Ibrahim_rebuttal_efforts/source_code/chipseq/data/GSE66868_DNA_mapping/deepTools_qc
[2022-07-28 14:02:26,394] multiqc                                            [DEBUG  ]  Analysing modules: custom_content, ngsderive, purple, conpair, peddy, somalier, methylQA, mosdepth, phantompeakqualtools, qualimap, preseq, quast, qorts, rna_seqc, rockhopper, rsem, rseqc, busco, goleft_indexcov, disambiguate, supernova, deeptools, sargasso, verifybamid, mirtrace, happy, mirtop, homer, hops, macs2, theta2, snpeff, gatk, htseq, bcftools, featureCounts, fgbio, dragen, dedup, damageprofiler, biobambam2, jcvi, mtnucratio, picard, sentieon, prokka, qc3C, samblaster, samtools, sexdeterrmine, eigenstratdatabasetools, bamtools, jellyfish, vcftools, longranger, stacks, varscan2, bbmap, bismark, biscuit, hicexplorer, hicup, hicpro, salmon, kallisto, slamdunk, star, hisat2, tophat, bowtie2, bowtie1, snpsplit, kat, leehom, adapterRemoval, clipandmerge, cutadapt, flexbar, kaiju, kraken, malt, trimmomatic, sickle, skewer, sortmerna, biobloomtools, fastq_screen, afterqc, fastp, fastqc, pychopper, pycoqc, minionqc, multivcfanalyzer, clusterflow, bcl2fastq, interop, ivar, flash, seqyclean, optitype
[2022-07-28 14:02:26,395] multiqc                                            [DEBUG  ]  Using temporary directory for creating report: /datastore/homes3/kchhatba/temp/tmpiozvlwse
[2022-07-28 14:02:26,849] multiqc                                            [DEBUG  ]  File ignored by hicexplorer because it exceeded search pattern filesize limit: SRR1914880.flagstat.log
[2022-07-28 14:02:26,859] multiqc                                            [DEBUG  ]  File ignored by longranger/invocation because it exceeded search pattern filesize limit: SRR1914880.flagstat.log
[2022-07-28 14:02:27,011] multiqc                                            [DEBUG  ]  File ignored by hicexplorer because it exceeded search pattern filesize limit: SRR1914882.flagstat.log
[2022-07-28 14:02:27,021] multiqc                                            [DEBUG  ]  File ignored by longranger/invocation because it exceeded search pattern filesize limit: SRR1914882.flagstat.log
[2022-07-28 14:02:27,179] multiqc                                            [DEBUG  ]  File ignored by hicexplorer because it exceeded search pattern filesize limit: SRR1914881.flagstat.log
[2022-07-28 14:02:27,189] multiqc                                            [DEBUG  ]  File ignored by longranger/invocation because it exceeded search pattern filesize limit: SRR1914881.flagstat.log
[2022-07-28 14:02:27,349] multiqc                                            [DEBUG  ]  File ignored by hicexplorer because it exceeded search pattern filesize limit: SRR1914879.flagstat.log
[2022-07-28 14:02:27,359] multiqc                                            [DEBUG  ]  File ignored by longranger/invocation because it exceeded search pattern filesize limit: SRR1914879.flagstat.log
[2022-07-28 14:02:27,518] multiqc                                            [DEBUG  ]  File ignored by hicexplorer because it exceeded search pattern filesize limit: SRR1914883.flagstat.log
[2022-07-28 14:02:27,528] multiqc                                            [DEBUG  ]  File ignored by longranger/invocation because it exceeded search pattern filesize limit: SRR1914883.flagstat.log
[2022-07-28 14:02:27,688] multiqc                                            [DEBUG  ]  File ignored by hicexplorer because it exceeded search pattern filesize limit: SRR1914878.flagstat.log
[2022-07-28 14:02:27,697] multiqc                                            [DEBUG  ]  File ignored by longranger/invocation because it exceeded search pattern filesize limit: SRR1914878.flagstat.log
[2022-07-28 14:02:27,873] multiqc                                            [DEBUG  ]  Ignoring file as matched an ignore pattern: SRR1914879.bam
[2022-07-28 14:02:27,873] multiqc                                            [DEBUG  ]  Ignoring file as matched an ignore pattern: SRR1914882.bam
[2022-07-28 14:02:27,873] multiqc                                            [DEBUG  ]  Ignoring file as matched an ignore pattern: SRR1914880.bam
[2022-07-28 14:02:27,873] multiqc                                            [DEBUG  ]  Ignoring file as matched an ignore pattern: SRR1914881.bam
[2022-07-28 14:02:27,873] multiqc                                            [DEBUG  ]  Ignoring file as matched an ignore pattern: SRR1914883.bam.bai
[2022-07-28 14:02:27,952] multiqc                                            [DEBUG  ]  Ignoring file as matched an ignore pattern: SRR1914878.bam.bai
[2022-07-28 14:02:27,952] multiqc                                            [DEBUG  ]  Ignoring file as matched an ignore pattern: SRR1914878.bam
[2022-07-28 14:02:27,952] multiqc                                            [DEBUG  ]  Ignoring file as matched an ignore pattern: SRR1914883.bam
[2022-07-28 14:02:27,952] multiqc                                            [DEBUG  ]  Ignoring file as matched an ignore pattern: SRR1914882.bam.bai
[2022-07-28 14:02:27,995] multiqc                                            [DEBUG  ]  Ignoring file as matched an ignore pattern: SRR1914880.bam.bai
[2022-07-28 14:02:27,995] multiqc                                            [DEBUG  ]  Ignoring file as matched an ignore pattern: SRR1914879.bam.bai
[2022-07-28 14:02:28,036] multiqc                                            [DEBUG  ]  Ignoring file as matched an ignore pattern: SRR1914881.bam.bai
[2022-07-28 14:02:29,687] multiqc                                            [DEBUG  ]  File ignored by longranger/invocation because it exceeded search pattern filesize limit: bamPEFragmentSize.out
[2022-07-28 14:02:30,849] multiqc.plots.bargraph                             [DEBUG  ]  Using matplotlib version 3.5.2
[2022-07-28 14:02:30,850] multiqc.plots.linegraph                            [DEBUG  ]  Using matplotlib version 3.5.2
[2022-07-28 14:02:30,850] multiqc                                            [DEBUG  ]  No samples found: custom_content
[2022-07-28 14:02:30,854] multiqc                                            [DEBUG  ]  No samples found: ngsderive
[2022-07-28 14:02:30,857] multiqc                                            [DEBUG  ]  No samples found: purple
[2022-07-28 14:02:30,860] multiqc                                            [DEBUG  ]  No samples found: conpair
[2022-07-28 14:02:30,863] multiqc                                            [DEBUG  ]  No samples found: peddy
[2022-07-28 14:02:30,866] multiqc                                            [DEBUG  ]  No samples found: somalier
[2022-07-28 14:02:30,869] multiqc                                            [DEBUG  ]  No samples found: methylQA
[2022-07-28 14:02:30,872] multiqc                                            [DEBUG  ]  No samples found: mosdepth
[2022-07-28 14:02:30,875] multiqc                                            [DEBUG  ]  No samples found: phantompeakqualtools
[2022-07-28 14:02:30,878] multiqc                                            [DEBUG  ]  No samples found: qualimap
[2022-07-28 14:02:30,881] multiqc                                            [DEBUG  ]  No samples found: preseq
[2022-07-28 14:02:30,883] multiqc                                            [DEBUG  ]  No samples found: quast
[2022-07-28 14:02:30,886] multiqc                                            [DEBUG  ]  No samples found: qorts
[2022-07-28 14:02:30,889] multiqc                                            [DEBUG  ]  No samples found: rna_seqc
[2022-07-28 14:02:30,892] multiqc                                            [DEBUG  ]  No samples found: rockhopper
[2022-07-28 14:02:30,895] multiqc                                            [DEBUG  ]  No samples found: rsem
[2022-07-28 14:02:30,899] multiqc                                            [DEBUG  ]  No samples found: rseqc
[2022-07-28 14:02:30,901] multiqc                                            [DEBUG  ]  No samples found: busco
[2022-07-28 14:02:30,904] multiqc                                            [DEBUG  ]  No samples found: goleft_indexcov
[2022-07-28 14:02:30,907] multiqc                                            [DEBUG  ]  No samples found: disambiguate
[2022-07-28 14:02:30,910] multiqc                                            [DEBUG  ]  No samples found: supernova
[2022-07-28 14:02:30,927] multiqc.modules.deeptools.deeptools                [DEBUG  ]  Found 6 deepTools 'bamPEFragmentSize --table' samples
[2022-07-28 14:02:30,942] multiqc.modules.deeptools.deeptools                [DEBUG  ]  Found 6 deepTools estimateReadFiltering samples
[2022-07-28 14:02:30,942] multiqc.modules.deeptools.deeptools                [INFO   ]  Found 12 total deepTools samples
[2022-07-28 14:02:30,945] multiqc                                            [DEBUG  ]  No samples found: sargasso
[2022-07-28 14:02:30,947] multiqc                                            [DEBUG  ]  No samples found: verifybamid
[2022-07-28 14:02:30,950] multiqc                                            [DEBUG  ]  No samples found: mirtrace
[2022-07-28 14:02:30,953] multiqc                                            [DEBUG  ]  No samples found: happy
[2022-07-28 14:02:30,957] multiqc                                            [DEBUG  ]  No samples found: mirtop
[2022-07-28 14:02:30,960] multiqc                                            [DEBUG  ]  No samples found: homer
[2022-07-28 14:02:30,963] multiqc                                            [DEBUG  ]  No samples found: hops
[2022-07-28 14:02:30,965] multiqc                                            [DEBUG  ]  No samples found: macs2
[2022-07-28 14:02:30,968] multiqc                                            [DEBUG  ]  No samples found: theta2
[2022-07-28 14:02:30,971] multiqc                                            [DEBUG  ]  No samples found: snpeff
[2022-07-28 14:02:30,974] multiqc                                            [DEBUG  ]  No samples found: gatk
[2022-07-28 14:02:30,977] multiqc                                            [DEBUG  ]  No samples found: htseq
[2022-07-28 14:02:30,980] multiqc                                            [DEBUG  ]  No samples found: bcftools
[2022-07-28 14:02:30,983] multiqc                                            [DEBUG  ]  No samples found: featureCounts
[2022-07-28 14:02:30,986] multiqc                                            [DEBUG  ]  No samples found: fgbio
[2022-07-28 14:02:30,990] multiqc                                            [DEBUG  ]  No samples found: dragen
[2022-07-28 14:02:30,993] multiqc                                            [DEBUG  ]  No samples found: dedup
[2022-07-28 14:02:30,996] multiqc                                            [DEBUG  ]  No samples found: damageprofiler
[2022-07-28 14:02:31,001] multiqc                                            [DEBUG  ]  No samples found: biobambam2
[2022-07-28 14:02:31,004] multiqc                                            [DEBUG  ]  No samples found: jcvi
[2022-07-28 14:02:31,007] multiqc                                            [DEBUG  ]  No samples found: mtnucratio
[2022-07-28 14:02:31,010] multiqc                                            [DEBUG  ]  No samples found: picard
[2022-07-28 14:02:31,013] multiqc                                            [DEBUG  ]  No samples found: sentieon
[2022-07-28 14:02:31,016] multiqc                                            [DEBUG  ]  No samples found: prokka
[2022-07-28 14:02:31,019] multiqc                                            [DEBUG  ]  No samples found: qc3C
[2022-07-28 14:02:31,062] multiqc                                            [DEBUG  ]  No samples found: samblaster
[2022-07-28 14:02:31,076] multiqc.modules.samtools.samtools                  [INFO   ]  Found 6 flagstat reports
[2022-07-28 14:02:31,079] multiqc                                            [DEBUG  ]  No samples found: sexdeterrmine
[2022-07-28 14:02:31,082] multiqc                                            [DEBUG  ]  No samples found: eigenstratdatabasetools
[2022-07-28 14:02:31,085] multiqc                                            [DEBUG  ]  No samples found: bamtools
[2022-07-28 14:02:31,088] multiqc                                            [DEBUG  ]  No samples found: jellyfish
[2022-07-28 14:02:31,091] multiqc                                            [DEBUG  ]  No samples found: vcftools
[2022-07-28 14:02:31,094] multiqc                                            [DEBUG  ]  No samples found: longranger
[2022-07-28 14:02:31,097] multiqc                                            [DEBUG  ]  No samples found: stacks
[2022-07-28 14:02:31,100] multiqc                                            [DEBUG  ]  No samples found: varscan2
[2022-07-28 14:02:31,104] multiqc                                            [DEBUG  ]  No samples found: bbmap
[2022-07-28 14:02:31,107] multiqc                                            [DEBUG  ]  No samples found: bismark
[2022-07-28 14:02:31,110] multiqc                                            [DEBUG  ]  No samples found: biscuit
[2022-07-28 14:02:31,112] multiqc                                            [DEBUG  ]  No samples found: hicexplorer
[2022-07-28 14:02:31,115] multiqc                                            [DEBUG  ]  No samples found: hicup
[2022-07-28 14:02:31,118] multiqc                                            [DEBUG  ]  No samples found: hicpro
[2022-07-28 14:02:31,121] multiqc                                            [DEBUG  ]  No samples found: salmon
[2022-07-28 14:02:31,124] multiqc                                            [DEBUG  ]  No samples found: kallisto
[2022-07-28 14:02:31,126] multiqc                                            [DEBUG  ]  No samples found: slamdunk
[2022-07-28 14:02:31,129] multiqc                                            [DEBUG  ]  No samples found: star
[2022-07-28 14:02:31,132] multiqc                                            [DEBUG  ]  No samples found: hisat2
[2022-07-28 14:02:31,135] multiqc                                            [DEBUG  ]  No samples found: tophat
[2022-07-28 14:02:31,141] multiqc.modules.bowtie2.bowtie2                    [INFO   ]  Found 6 reports
[2022-07-28 14:02:31,151] multiqc                                            [DEBUG  ]  No samples found: bowtie1
[2022-07-28 14:02:31,154] multiqc                                            [DEBUG  ]  No samples found: snpsplit
[2022-07-28 14:02:31,157] multiqc                                            [DEBUG  ]  No samples found: kat
[2022-07-28 14:02:31,160] multiqc                                            [DEBUG  ]  No samples found: leehom
[2022-07-28 14:02:31,162] multiqc                                            [DEBUG  ]  No samples found: adapterRemoval
[2022-07-28 14:02:31,165] multiqc                                            [DEBUG  ]  No samples found: clipandmerge
[2022-07-28 14:02:31,168] multiqc                                            [DEBUG  ]  No samples found: cutadapt
[2022-07-28 14:02:31,171] multiqc                                            [DEBUG  ]  No samples found: flexbar
[2022-07-28 14:02:31,173] multiqc                                            [DEBUG  ]  No samples found: kaiju
[2022-07-28 14:02:31,176] multiqc                                            [DEBUG  ]  No samples found: kraken
[2022-07-28 14:02:31,179] multiqc                                            [DEBUG  ]  No samples found: malt
[2022-07-28 14:02:31,182] multiqc                                            [DEBUG  ]  No samples found: trimmomatic
[2022-07-28 14:02:31,185] multiqc                                            [DEBUG  ]  No samples found: sickle
[2022-07-28 14:02:31,187] multiqc                                            [DEBUG  ]  No samples found: skewer
[2022-07-28 14:02:31,190] multiqc                                            [DEBUG  ]  No samples found: sortmerna
[2022-07-28 14:02:31,193] multiqc                                            [DEBUG  ]  No samples found: biobloomtools
[2022-07-28 14:02:31,196] multiqc                                            [DEBUG  ]  No samples found: fastq_screen
[2022-07-28 14:02:31,199] multiqc                                            [DEBUG  ]  No samples found: afterqc
[2022-07-28 14:02:31,202] multiqc                                            [DEBUG  ]  No samples found: fastp
[2022-07-28 14:02:31,205] multiqc                                            [DEBUG  ]  No samples found: fastqc
[2022-07-28 14:02:31,207] multiqc                                            [DEBUG  ]  No samples found: pychopper
[2022-07-28 14:02:31,210] multiqc                                            [DEBUG  ]  No samples found: pycoqc
[2022-07-28 14:02:31,213] multiqc                                            [DEBUG  ]  No samples found: minionqc
[2022-07-28 14:02:31,216] multiqc                                            [DEBUG  ]  No samples found: multivcfanalyzer
[2022-07-28 14:02:31,219] multiqc                                            [DEBUG  ]  No samples found: clusterflow
[2022-07-28 14:02:31,222] multiqc                                            [DEBUG  ]  No samples found: bcl2fastq
[2022-07-28 14:02:31,225] multiqc                                            [DEBUG  ]  No samples found: interop
[2022-07-28 14:02:31,227] multiqc                                            [DEBUG  ]  No samples found: ivar
[2022-07-28 14:02:31,230] multiqc                                            [DEBUG  ]  No samples found: flash
[2022-07-28 14:02:31,233] multiqc                                            [DEBUG  ]  No samples found: seqyclean
[2022-07-28 14:02:31,236] multiqc                                            [DEBUG  ]  No samples found: optitype
[2022-07-28 14:02:31,246] multiqc                                            [INFO   ]  Compressing plot data
[2022-07-28 14:02:31,260] multiqc                                            [INFO   ]  Report      : multiQC/multiqc_report.html
[2022-07-28 14:02:31,260] multiqc                                            [INFO   ]  Data        : multiQC/multiqc_data
[2022-07-28 14:02:31,261] multiqc                                            [DEBUG  ]  Moving data file from '/datastore/homes3/kchhatba/temp/tmpiozvlwse/multiqc_data' to 'multiQC/multiqc_data'
[2022-07-28 14:02:32,150] multiqc                                            [INFO   ]  MultiQC complete
