INFO  @ Thu, 28 Jul 2022 14:07:03: 
# Command line: callpeak -t filtered_bam/SRR1914883.filtered.bam -c filtered_bam/SRR1914880.filtered.bam -f BAM -g 2620345972 -g mm -m 1 30 -p 0.2 --call-summits --keep-dup all --keep-dup all --outdir MACS2 --name SRR1914883.filtered.BAM --mfold 0 50 --extsize 150
# ARGUMENTS LIST:
# name = SRR1914883.filtered.BAM
# format = BAM
# ChIP-seq file = ['filtered_bam/SRR1914883.filtered.bam']
# control file = ['filtered_bam/SRR1914880.filtered.bam']
# effective genome size = 1.87e+09
# band width = 300
# model fold = [0, 50]
# pvalue cutoff = 2.00e-01
# qvalue will not be calculated and reported as -1 in the final output.
# The maximum gap between significant sites is assigned as the read length/tag size.
# The minimum length of peaks is assigned as the predicted fragment length "d".
# Larger dataset will be scaled towards smaller dataset.
# Range for calculating regional lambda is: 1000 bps and 10000 bps
# Broad region calling is off
# Paired-End mode is off
# Searching for subpeak summits is on
 
INFO  @ Thu, 28 Jul 2022 14:07:03: #1 read tag files... 
INFO  @ Thu, 28 Jul 2022 14:07:03: #1 read treatment tags... 
INFO  @ Thu, 28 Jul 2022 14:07:04:  1000000 
INFO  @ Thu, 28 Jul 2022 14:07:06:  2000000 
INFO  @ Thu, 28 Jul 2022 14:07:08:  3000000 
INFO  @ Thu, 28 Jul 2022 14:07:10:  4000000 
INFO  @ Thu, 28 Jul 2022 14:07:11:  5000000 
INFO  @ Thu, 28 Jul 2022 14:07:13:  6000000 
INFO  @ Thu, 28 Jul 2022 14:07:15:  7000000 
INFO  @ Thu, 28 Jul 2022 14:07:17:  8000000 
INFO  @ Thu, 28 Jul 2022 14:07:19:  9000000 
INFO  @ Thu, 28 Jul 2022 14:07:21:  10000000 
INFO  @ Thu, 28 Jul 2022 14:07:22:  11000000 
INFO  @ Thu, 28 Jul 2022 14:07:24:  12000000 
INFO  @ Thu, 28 Jul 2022 14:07:26:  13000000 
INFO  @ Thu, 28 Jul 2022 14:07:28:  14000000 
INFO  @ Thu, 28 Jul 2022 14:07:30:  15000000 
INFO  @ Thu, 28 Jul 2022 14:07:32:  16000000 
INFO  @ Thu, 28 Jul 2022 14:07:34:  17000000 
INFO  @ Thu, 28 Jul 2022 14:07:35:  18000000 
INFO  @ Thu, 28 Jul 2022 14:07:37:  19000000 
INFO  @ Thu, 28 Jul 2022 14:07:39:  20000000 
INFO  @ Thu, 28 Jul 2022 14:07:41:  21000000 
INFO  @ Thu, 28 Jul 2022 14:07:43:  22000000 
INFO  @ Thu, 28 Jul 2022 14:07:45:  23000000 
INFO  @ Thu, 28 Jul 2022 14:07:46:  24000000 
INFO  @ Thu, 28 Jul 2022 14:07:48:  25000000 
INFO  @ Thu, 28 Jul 2022 14:07:50:  26000000 
INFO  @ Thu, 28 Jul 2022 14:07:52:  27000000 
INFO  @ Thu, 28 Jul 2022 14:07:54:  28000000 
INFO  @ Thu, 28 Jul 2022 14:07:56:  29000000 
INFO  @ Thu, 28 Jul 2022 14:07:57:  30000000 
INFO  @ Thu, 28 Jul 2022 14:07:59:  31000000 
INFO  @ Thu, 28 Jul 2022 14:08:01:  32000000 
INFO  @ Thu, 28 Jul 2022 14:08:03:  33000000 
INFO  @ Thu, 28 Jul 2022 14:08:05:  34000000 
INFO  @ Thu, 28 Jul 2022 14:08:07:  35000000 
INFO  @ Thu, 28 Jul 2022 14:08:08:  36000000 
INFO  @ Thu, 28 Jul 2022 14:08:10:  37000000 
INFO  @ Thu, 28 Jul 2022 14:08:12:  38000000 
INFO  @ Thu, 28 Jul 2022 14:08:14:  39000000 
INFO  @ Thu, 28 Jul 2022 14:08:16:  40000000 
INFO  @ Thu, 28 Jul 2022 14:08:18:  41000000 
INFO  @ Thu, 28 Jul 2022 14:08:19:  42000000 
INFO  @ Thu, 28 Jul 2022 14:08:21:  43000000 
INFO  @ Thu, 28 Jul 2022 14:08:23:  44000000 
INFO  @ Thu, 28 Jul 2022 14:08:25:  45000000 
INFO  @ Thu, 28 Jul 2022 14:08:27:  46000000 
INFO  @ Thu, 28 Jul 2022 14:08:29:  47000000 
INFO  @ Thu, 28 Jul 2022 14:08:31:  48000000 
INFO  @ Thu, 28 Jul 2022 14:08:32:  49000000 
INFO  @ Thu, 28 Jul 2022 14:08:34:  50000000 
INFO  @ Thu, 28 Jul 2022 14:08:36:  51000000 
INFO  @ Thu, 28 Jul 2022 14:08:38:  52000000 
INFO  @ Thu, 28 Jul 2022 14:08:40:  53000000 
INFO  @ Thu, 28 Jul 2022 14:08:42:  54000000 
INFO  @ Thu, 28 Jul 2022 14:08:44:  55000000 
INFO  @ Thu, 28 Jul 2022 14:08:46:  56000000 
INFO  @ Thu, 28 Jul 2022 14:08:47:  57000000 
INFO  @ Thu, 28 Jul 2022 14:08:49:  58000000 
INFO  @ Thu, 28 Jul 2022 14:08:51:  59000000 
INFO  @ Thu, 28 Jul 2022 14:08:53:  60000000 
INFO  @ Thu, 28 Jul 2022 14:08:55:  61000000 
INFO  @ Thu, 28 Jul 2022 14:08:57:  62000000 
INFO  @ Thu, 28 Jul 2022 14:08:59:  63000000 
INFO  @ Thu, 28 Jul 2022 14:09:00:  64000000 
INFO  @ Thu, 28 Jul 2022 14:09:02:  65000000 
INFO  @ Thu, 28 Jul 2022 14:09:04:  66000000 
INFO  @ Thu, 28 Jul 2022 14:09:06:  67000000 
INFO  @ Thu, 28 Jul 2022 14:09:08:  68000000 
INFO  @ Thu, 28 Jul 2022 14:09:09:  69000000 
INFO  @ Thu, 28 Jul 2022 14:09:11:  70000000 
INFO  @ Thu, 28 Jul 2022 14:09:13:  71000000 
INFO  @ Thu, 28 Jul 2022 14:09:15:  72000000 
INFO  @ Thu, 28 Jul 2022 14:09:16:  73000000 
INFO  @ Thu, 28 Jul 2022 14:09:18:  74000000 
INFO  @ Thu, 28 Jul 2022 14:09:20:  75000000 
INFO  @ Thu, 28 Jul 2022 14:09:22:  76000000 
INFO  @ Thu, 28 Jul 2022 14:09:24:  77000000 
INFO  @ Thu, 28 Jul 2022 14:09:25:  78000000 
INFO  @ Thu, 28 Jul 2022 14:09:27:  79000000 
INFO  @ Thu, 28 Jul 2022 14:09:29:  80000000 
INFO  @ Thu, 28 Jul 2022 14:09:30:  81000000 
INFO  @ Thu, 28 Jul 2022 14:09:32:  82000000 
INFO  @ Thu, 28 Jul 2022 14:09:34:  83000000 
INFO  @ Thu, 28 Jul 2022 14:09:35:  84000000 
INFO  @ Thu, 28 Jul 2022 14:09:37:  85000000 
INFO  @ Thu, 28 Jul 2022 14:09:39:  86000000 
INFO  @ Thu, 28 Jul 2022 14:09:41:  87000000 
INFO  @ Thu, 28 Jul 2022 14:09:42:  88000000 
INFO  @ Thu, 28 Jul 2022 14:09:44:  89000000 
INFO  @ Thu, 28 Jul 2022 14:09:46:  90000000 
INFO  @ Thu, 28 Jul 2022 14:09:48:  91000000 
INFO  @ Thu, 28 Jul 2022 14:09:49:  92000000 
INFO  @ Thu, 28 Jul 2022 14:09:51:  93000000 
INFO  @ Thu, 28 Jul 2022 14:09:56: 93748871 reads have been read. 
INFO  @ Thu, 28 Jul 2022 14:09:57: #1.2 read input tags... 
INFO  @ Thu, 28 Jul 2022 14:09:59:  1000000 
INFO  @ Thu, 28 Jul 2022 14:10:01:  2000000 
INFO  @ Thu, 28 Jul 2022 14:10:02:  3000000 
INFO  @ Thu, 28 Jul 2022 14:10:04:  4000000 
INFO  @ Thu, 28 Jul 2022 14:10:06:  5000000 
INFO  @ Thu, 28 Jul 2022 14:10:08:  6000000 
INFO  @ Thu, 28 Jul 2022 14:10:09:  7000000 
INFO  @ Thu, 28 Jul 2022 14:10:11:  8000000 
INFO  @ Thu, 28 Jul 2022 14:10:13:  9000000 
INFO  @ Thu, 28 Jul 2022 14:10:15:  10000000 
INFO  @ Thu, 28 Jul 2022 14:10:16:  11000000 
INFO  @ Thu, 28 Jul 2022 14:10:18:  12000000 
INFO  @ Thu, 28 Jul 2022 14:10:20:  13000000 
INFO  @ Thu, 28 Jul 2022 14:10:22:  14000000 
INFO  @ Thu, 28 Jul 2022 14:10:23:  15000000 
INFO  @ Thu, 28 Jul 2022 14:10:25:  16000000 
INFO  @ Thu, 28 Jul 2022 14:10:27:  17000000 
INFO  @ Thu, 28 Jul 2022 14:10:29:  18000000 
INFO  @ Thu, 28 Jul 2022 14:10:30:  19000000 
INFO  @ Thu, 28 Jul 2022 14:10:32:  20000000 
INFO  @ Thu, 28 Jul 2022 14:10:34:  21000000 
INFO  @ Thu, 28 Jul 2022 14:10:36:  22000000 
INFO  @ Thu, 28 Jul 2022 14:10:37:  23000000 
INFO  @ Thu, 28 Jul 2022 14:10:39:  24000000 
INFO  @ Thu, 28 Jul 2022 14:10:41:  25000000 
INFO  @ Thu, 28 Jul 2022 14:10:43:  26000000 
INFO  @ Thu, 28 Jul 2022 14:10:44:  27000000 
INFO  @ Thu, 28 Jul 2022 14:10:46:  28000000 
INFO  @ Thu, 28 Jul 2022 14:10:48:  29000000 
INFO  @ Thu, 28 Jul 2022 14:10:49:  30000000 
INFO  @ Thu, 28 Jul 2022 14:10:51:  31000000 
INFO  @ Thu, 28 Jul 2022 14:10:53:  32000000 
INFO  @ Thu, 28 Jul 2022 14:10:55:  33000000 
INFO  @ Thu, 28 Jul 2022 14:10:56:  34000000 
INFO  @ Thu, 28 Jul 2022 14:10:58:  35000000 
INFO  @ Thu, 28 Jul 2022 14:11:00:  36000000 
INFO  @ Thu, 28 Jul 2022 14:11:02:  37000000 
INFO  @ Thu, 28 Jul 2022 14:11:03:  38000000 
INFO  @ Thu, 28 Jul 2022 14:11:05:  39000000 
INFO  @ Thu, 28 Jul 2022 14:11:07:  40000000 
INFO  @ Thu, 28 Jul 2022 14:11:08:  41000000 
INFO  @ Thu, 28 Jul 2022 14:11:10:  42000000 
INFO  @ Thu, 28 Jul 2022 14:11:12:  43000000 
INFO  @ Thu, 28 Jul 2022 14:11:14:  44000000 
INFO  @ Thu, 28 Jul 2022 14:11:15:  45000000 
INFO  @ Thu, 28 Jul 2022 14:11:17:  46000000 
INFO  @ Thu, 28 Jul 2022 14:11:19:  47000000 
INFO  @ Thu, 28 Jul 2022 14:11:21:  48000000 
INFO  @ Thu, 28 Jul 2022 14:11:22:  49000000 
INFO  @ Thu, 28 Jul 2022 14:11:24:  50000000 
INFO  @ Thu, 28 Jul 2022 14:11:26:  51000000 
INFO  @ Thu, 28 Jul 2022 14:11:28:  52000000 
INFO  @ Thu, 28 Jul 2022 14:11:29:  53000000 
INFO  @ Thu, 28 Jul 2022 14:11:31:  54000000 
INFO  @ Thu, 28 Jul 2022 14:11:33:  55000000 
INFO  @ Thu, 28 Jul 2022 14:11:35:  56000000 
INFO  @ Thu, 28 Jul 2022 14:11:36:  57000000 
INFO  @ Thu, 28 Jul 2022 14:11:38:  58000000 
INFO  @ Thu, 28 Jul 2022 14:11:40:  59000000 
INFO  @ Thu, 28 Jul 2022 14:11:42:  60000000 
INFO  @ Thu, 28 Jul 2022 14:11:43:  61000000 
INFO  @ Thu, 28 Jul 2022 14:11:45:  62000000 
INFO  @ Thu, 28 Jul 2022 14:11:47:  63000000 
INFO  @ Thu, 28 Jul 2022 14:11:49:  64000000 
INFO  @ Thu, 28 Jul 2022 14:11:50:  65000000 
INFO  @ Thu, 28 Jul 2022 14:11:52:  66000000 
INFO  @ Thu, 28 Jul 2022 14:11:54:  67000000 
INFO  @ Thu, 28 Jul 2022 14:11:55:  68000000 
INFO  @ Thu, 28 Jul 2022 14:11:57:  69000000 
INFO  @ Thu, 28 Jul 2022 14:11:59:  70000000 
INFO  @ Thu, 28 Jul 2022 14:12:01:  71000000 
INFO  @ Thu, 28 Jul 2022 14:12:02:  72000000 
INFO  @ Thu, 28 Jul 2022 14:12:04:  73000000 
INFO  @ Thu, 28 Jul 2022 14:12:06:  74000000 
INFO  @ Thu, 28 Jul 2022 14:12:08:  75000000 
INFO  @ Thu, 28 Jul 2022 14:12:09:  76000000 
INFO  @ Thu, 28 Jul 2022 14:12:11:  77000000 
INFO  @ Thu, 28 Jul 2022 14:12:13:  78000000 
INFO  @ Thu, 28 Jul 2022 14:12:14:  79000000 
INFO  @ Thu, 28 Jul 2022 14:12:16:  80000000 
INFO  @ Thu, 28 Jul 2022 14:12:18:  81000000 
INFO  @ Thu, 28 Jul 2022 14:12:20:  82000000 
INFO  @ Thu, 28 Jul 2022 14:12:21:  83000000 
INFO  @ Thu, 28 Jul 2022 14:12:23:  84000000 
INFO  @ Thu, 28 Jul 2022 14:12:25:  85000000 
INFO  @ Thu, 28 Jul 2022 14:12:27:  86000000 
INFO  @ Thu, 28 Jul 2022 14:12:28:  87000000 
INFO  @ Thu, 28 Jul 2022 14:12:34: 87821547 reads have been read. 
INFO  @ Thu, 28 Jul 2022 14:12:35: #1 tag size is determined as 51 bps 
INFO  @ Thu, 28 Jul 2022 14:12:35: #1 tag size = 51.0 
INFO  @ Thu, 28 Jul 2022 14:12:35: #1  total tags in treatment: 93748871 
INFO  @ Thu, 28 Jul 2022 14:12:35: #1  total tags in control: 87821547 
INFO  @ Thu, 28 Jul 2022 14:12:35: #1 finished! 
INFO  @ Thu, 28 Jul 2022 14:12:35: #2 Build Peak Model... 
INFO  @ Thu, 28 Jul 2022 14:12:35: #2 looking for paired plus/minus strand peaks... 
INFO  @ Thu, 28 Jul 2022 14:13:23: #2 number of paired peaks: 2855499 
INFO  @ Thu, 28 Jul 2022 14:13:23: start model_add_line... 
INFO  @ Thu, 28 Jul 2022 14:13:38: start X-correlation... 
INFO  @ Thu, 28 Jul 2022 14:13:38: end of X-cor 
INFO  @ Thu, 28 Jul 2022 14:13:38: #2 finished! 
INFO  @ Thu, 28 Jul 2022 14:13:38: #2 predicted fragment length is 298 bps 
INFO  @ Thu, 28 Jul 2022 14:13:38: #2 alternative fragment length(s) may be 137,298 bps 
INFO  @ Thu, 28 Jul 2022 14:13:38: #2.2 Generate R script for model : MACS2/SRR1914883.filtered.BAM_model.r 
INFO  @ Thu, 28 Jul 2022 14:13:38: #3 Call peaks... 
INFO  @ Thu, 28 Jul 2022 14:13:38: #3 Going to call summits inside each peak ... 
INFO  @ Thu, 28 Jul 2022 14:13:38: #3 Call peaks with given -log10pvalue cutoff: 0.69897 ... 
INFO  @ Thu, 28 Jul 2022 14:13:38: #3 Pre-compute pvalue-qvalue table... 
INFO  @ Thu, 28 Jul 2022 14:23:34: #3 Call peaks for each chromosome... 
INFO  @ Thu, 28 Jul 2022 14:26:22: #4 Write output xls file... MACS2/SRR1914883.filtered.BAM_peaks.xls 
INFO  @ Thu, 28 Jul 2022 14:26:23: #4 Write peak in narrowPeak format file... MACS2/SRR1914883.filtered.BAM_peaks.narrowPeak 
INFO  @ Thu, 28 Jul 2022 14:26:23: #4 Write summits bed file... MACS2/SRR1914883.filtered.BAM_summits.bed 
INFO  @ Thu, 28 Jul 2022 14:26:23: Done! 
