INFO  @ Thu, 28 Jul 2022 14:07:03: 
# Command line: callpeak -t filtered_bam/SRR1914881.filtered.bam -c filtered_bam/SRR1914878.filtered.bam -f BAM -g 2620345972 -g mm -m 1 30 -p 0.2 --call-summits --keep-dup all --keep-dup all --outdir MACS2 --name SRR1914881.filtered.BAM --mfold 0 50 --extsize 150
# ARGUMENTS LIST:
# name = SRR1914881.filtered.BAM
# format = BAM
# ChIP-seq file = ['filtered_bam/SRR1914881.filtered.bam']
# control file = ['filtered_bam/SRR1914878.filtered.bam']
# effective genome size = 1.87e+09
# band width = 300
# model fold = [0, 50]
# pvalue cutoff = 2.00e-01
# qvalue will not be calculated and reported as -1 in the final output.
# The maximum gap between significant sites is assigned as the read length/tag size.
# The minimum length of peaks is assigned as the predicted fragment length "d".
# Larger dataset will be scaled towards smaller dataset.
# Range for calculating regional lambda is: 1000 bps and 10000 bps
# Broad region calling is off
# Paired-End mode is off
# Searching for subpeak summits is on
 
INFO  @ Thu, 28 Jul 2022 14:07:03: #1 read tag files... 
INFO  @ Thu, 28 Jul 2022 14:07:03: #1 read treatment tags... 
INFO  @ Thu, 28 Jul 2022 14:07:04:  1000000 
INFO  @ Thu, 28 Jul 2022 14:07:06:  2000000 
INFO  @ Thu, 28 Jul 2022 14:07:08:  3000000 
INFO  @ Thu, 28 Jul 2022 14:07:10:  4000000 
INFO  @ Thu, 28 Jul 2022 14:07:12:  5000000 
INFO  @ Thu, 28 Jul 2022 14:07:14:  6000000 
INFO  @ Thu, 28 Jul 2022 14:07:15:  7000000 
INFO  @ Thu, 28 Jul 2022 14:07:17:  8000000 
INFO  @ Thu, 28 Jul 2022 14:07:19:  9000000 
INFO  @ Thu, 28 Jul 2022 14:07:21:  10000000 
INFO  @ Thu, 28 Jul 2022 14:07:23:  11000000 
INFO  @ Thu, 28 Jul 2022 14:07:25:  12000000 
INFO  @ Thu, 28 Jul 2022 14:07:27:  13000000 
INFO  @ Thu, 28 Jul 2022 14:07:29:  14000000 
INFO  @ Thu, 28 Jul 2022 14:07:31:  15000000 
INFO  @ Thu, 28 Jul 2022 14:07:33:  16000000 
INFO  @ Thu, 28 Jul 2022 14:07:35:  17000000 
INFO  @ Thu, 28 Jul 2022 14:07:37:  18000000 
INFO  @ Thu, 28 Jul 2022 14:07:39:  19000000 
INFO  @ Thu, 28 Jul 2022 14:07:41:  20000000 
INFO  @ Thu, 28 Jul 2022 14:07:42:  21000000 
INFO  @ Thu, 28 Jul 2022 14:07:44:  22000000 
INFO  @ Thu, 28 Jul 2022 14:07:46:  23000000 
INFO  @ Thu, 28 Jul 2022 14:07:48:  24000000 
INFO  @ Thu, 28 Jul 2022 14:07:50:  25000000 
INFO  @ Thu, 28 Jul 2022 14:07:52:  26000000 
INFO  @ Thu, 28 Jul 2022 14:07:54:  27000000 
INFO  @ Thu, 28 Jul 2022 14:07:56:  28000000 
INFO  @ Thu, 28 Jul 2022 14:07:58:  29000000 
INFO  @ Thu, 28 Jul 2022 14:08:00:  30000000 
INFO  @ Thu, 28 Jul 2022 14:08:01:  31000000 
INFO  @ Thu, 28 Jul 2022 14:08:03:  32000000 
INFO  @ Thu, 28 Jul 2022 14:08:05:  33000000 
INFO  @ Thu, 28 Jul 2022 14:08:07:  34000000 
INFO  @ Thu, 28 Jul 2022 14:08:09:  35000000 
INFO  @ Thu, 28 Jul 2022 14:08:11:  36000000 
INFO  @ Thu, 28 Jul 2022 14:08:13:  37000000 
INFO  @ Thu, 28 Jul 2022 14:08:15:  38000000 
INFO  @ Thu, 28 Jul 2022 14:08:16:  39000000 
INFO  @ Thu, 28 Jul 2022 14:08:18:  40000000 
INFO  @ Thu, 28 Jul 2022 14:08:20:  41000000 
INFO  @ Thu, 28 Jul 2022 14:08:22:  42000000 
INFO  @ Thu, 28 Jul 2022 14:08:24:  43000000 
INFO  @ Thu, 28 Jul 2022 14:08:26:  44000000 
INFO  @ Thu, 28 Jul 2022 14:08:28:  45000000 
INFO  @ Thu, 28 Jul 2022 14:08:30:  46000000 
INFO  @ Thu, 28 Jul 2022 14:08:32:  47000000 
INFO  @ Thu, 28 Jul 2022 14:08:34:  48000000 
INFO  @ Thu, 28 Jul 2022 14:08:36:  49000000 
INFO  @ Thu, 28 Jul 2022 14:08:38:  50000000 
INFO  @ Thu, 28 Jul 2022 14:08:40:  51000000 
INFO  @ Thu, 28 Jul 2022 14:08:42:  52000000 
INFO  @ Thu, 28 Jul 2022 14:08:43:  53000000 
INFO  @ Thu, 28 Jul 2022 14:08:45:  54000000 
INFO  @ Thu, 28 Jul 2022 14:08:47:  55000000 
INFO  @ Thu, 28 Jul 2022 14:08:49:  56000000 
INFO  @ Thu, 28 Jul 2022 14:08:51:  57000000 
INFO  @ Thu, 28 Jul 2022 14:08:53:  58000000 
INFO  @ Thu, 28 Jul 2022 14:08:55:  59000000 
INFO  @ Thu, 28 Jul 2022 14:08:57:  60000000 
INFO  @ Thu, 28 Jul 2022 14:08:59:  61000000 
INFO  @ Thu, 28 Jul 2022 14:09:01:  62000000 
INFO  @ Thu, 28 Jul 2022 14:09:03:  63000000 
INFO  @ Thu, 28 Jul 2022 14:09:05:  64000000 
INFO  @ Thu, 28 Jul 2022 14:09:07:  65000000 
INFO  @ Thu, 28 Jul 2022 14:09:09:  66000000 
INFO  @ Thu, 28 Jul 2022 14:09:10:  67000000 
INFO  @ Thu, 28 Jul 2022 14:09:12:  68000000 
INFO  @ Thu, 28 Jul 2022 14:09:14:  69000000 
INFO  @ Thu, 28 Jul 2022 14:09:16:  70000000 
INFO  @ Thu, 28 Jul 2022 14:09:18:  71000000 
INFO  @ Thu, 28 Jul 2022 14:09:20:  72000000 
INFO  @ Thu, 28 Jul 2022 14:09:21:  73000000 
INFO  @ Thu, 28 Jul 2022 14:09:23:  74000000 
INFO  @ Thu, 28 Jul 2022 14:09:25:  75000000 
INFO  @ Thu, 28 Jul 2022 14:09:27:  76000000 
INFO  @ Thu, 28 Jul 2022 14:09:29:  77000000 
INFO  @ Thu, 28 Jul 2022 14:09:30:  78000000 
INFO  @ Thu, 28 Jul 2022 14:09:32:  79000000 
INFO  @ Thu, 28 Jul 2022 14:09:34:  80000000 
INFO  @ Thu, 28 Jul 2022 14:09:36:  81000000 
INFO  @ Thu, 28 Jul 2022 14:09:37:  82000000 
INFO  @ Thu, 28 Jul 2022 14:09:39:  83000000 
INFO  @ Thu, 28 Jul 2022 14:09:41:  84000000 
INFO  @ Thu, 28 Jul 2022 14:09:43:  85000000 
INFO  @ Thu, 28 Jul 2022 14:09:44:  86000000 
INFO  @ Thu, 28 Jul 2022 14:09:46:  87000000 
INFO  @ Thu, 28 Jul 2022 14:09:48:  88000000 
INFO  @ Thu, 28 Jul 2022 14:09:50:  89000000 
INFO  @ Thu, 28 Jul 2022 14:09:52:  90000000 
INFO  @ Thu, 28 Jul 2022 14:09:54:  91000000 
INFO  @ Thu, 28 Jul 2022 14:09:55:  92000000 
INFO  @ Thu, 28 Jul 2022 14:09:57:  93000000 
INFO  @ Thu, 28 Jul 2022 14:10:03: 93673731 reads have been read. 
INFO  @ Thu, 28 Jul 2022 14:10:04: #1.2 read input tags... 
INFO  @ Thu, 28 Jul 2022 14:10:05:  1000000 
INFO  @ Thu, 28 Jul 2022 14:10:07:  2000000 
INFO  @ Thu, 28 Jul 2022 14:10:09:  3000000 
INFO  @ Thu, 28 Jul 2022 14:10:11:  4000000 
INFO  @ Thu, 28 Jul 2022 14:10:13:  5000000 
INFO  @ Thu, 28 Jul 2022 14:10:15:  6000000 
INFO  @ Thu, 28 Jul 2022 14:10:16:  7000000 
INFO  @ Thu, 28 Jul 2022 14:10:18:  8000000 
INFO  @ Thu, 28 Jul 2022 14:10:20:  9000000 
INFO  @ Thu, 28 Jul 2022 14:10:22:  10000000 
INFO  @ Thu, 28 Jul 2022 14:10:24:  11000000 
INFO  @ Thu, 28 Jul 2022 14:10:25:  12000000 
INFO  @ Thu, 28 Jul 2022 14:10:27:  13000000 
INFO  @ Thu, 28 Jul 2022 14:10:29:  14000000 
INFO  @ Thu, 28 Jul 2022 14:10:31:  15000000 
INFO  @ Thu, 28 Jul 2022 14:10:33:  16000000 
INFO  @ Thu, 28 Jul 2022 14:10:34:  17000000 
INFO  @ Thu, 28 Jul 2022 14:10:36:  18000000 
INFO  @ Thu, 28 Jul 2022 14:10:38:  19000000 
INFO  @ Thu, 28 Jul 2022 14:10:40:  20000000 
INFO  @ Thu, 28 Jul 2022 14:10:42:  21000000 
INFO  @ Thu, 28 Jul 2022 14:10:44:  22000000 
INFO  @ Thu, 28 Jul 2022 14:10:45:  23000000 
INFO  @ Thu, 28 Jul 2022 14:10:47:  24000000 
INFO  @ Thu, 28 Jul 2022 14:10:49:  25000000 
INFO  @ Thu, 28 Jul 2022 14:10:51:  26000000 
INFO  @ Thu, 28 Jul 2022 14:10:53:  27000000 
INFO  @ Thu, 28 Jul 2022 14:10:54:  28000000 
INFO  @ Thu, 28 Jul 2022 14:10:56:  29000000 
INFO  @ Thu, 28 Jul 2022 14:10:58:  30000000 
INFO  @ Thu, 28 Jul 2022 14:11:00:  31000000 
INFO  @ Thu, 28 Jul 2022 14:11:01:  32000000 
INFO  @ Thu, 28 Jul 2022 14:11:03:  33000000 
INFO  @ Thu, 28 Jul 2022 14:11:05:  34000000 
INFO  @ Thu, 28 Jul 2022 14:11:07:  35000000 
INFO  @ Thu, 28 Jul 2022 14:11:09:  36000000 
INFO  @ Thu, 28 Jul 2022 14:11:10:  37000000 
INFO  @ Thu, 28 Jul 2022 14:11:12:  38000000 
INFO  @ Thu, 28 Jul 2022 14:11:14:  39000000 
INFO  @ Thu, 28 Jul 2022 14:11:16:  40000000 
INFO  @ Thu, 28 Jul 2022 14:11:18:  41000000 
INFO  @ Thu, 28 Jul 2022 14:11:19:  42000000 
INFO  @ Thu, 28 Jul 2022 14:11:21:  43000000 
INFO  @ Thu, 28 Jul 2022 14:11:23:  44000000 
INFO  @ Thu, 28 Jul 2022 14:11:25:  45000000 
INFO  @ Thu, 28 Jul 2022 14:11:27:  46000000 
INFO  @ Thu, 28 Jul 2022 14:11:28:  47000000 
INFO  @ Thu, 28 Jul 2022 14:11:30:  48000000 
INFO  @ Thu, 28 Jul 2022 14:11:32:  49000000 
INFO  @ Thu, 28 Jul 2022 14:11:34:  50000000 
INFO  @ Thu, 28 Jul 2022 14:11:36:  51000000 
INFO  @ Thu, 28 Jul 2022 14:11:38:  52000000 
INFO  @ Thu, 28 Jul 2022 14:11:39:  53000000 
INFO  @ Thu, 28 Jul 2022 14:11:41:  54000000 
INFO  @ Thu, 28 Jul 2022 14:11:43:  55000000 
INFO  @ Thu, 28 Jul 2022 14:11:45:  56000000 
INFO  @ Thu, 28 Jul 2022 14:11:47:  57000000 
INFO  @ Thu, 28 Jul 2022 14:11:49:  58000000 
INFO  @ Thu, 28 Jul 2022 14:11:50:  59000000 
INFO  @ Thu, 28 Jul 2022 14:11:52:  60000000 
INFO  @ Thu, 28 Jul 2022 14:11:54:  61000000 
INFO  @ Thu, 28 Jul 2022 14:11:56:  62000000 
INFO  @ Thu, 28 Jul 2022 14:11:58:  63000000 
INFO  @ Thu, 28 Jul 2022 14:11:59:  64000000 
INFO  @ Thu, 28 Jul 2022 14:12:01:  65000000 
INFO  @ Thu, 28 Jul 2022 14:12:03:  66000000 
INFO  @ Thu, 28 Jul 2022 14:12:05:  67000000 
INFO  @ Thu, 28 Jul 2022 14:12:07:  68000000 
INFO  @ Thu, 28 Jul 2022 14:12:08:  69000000 
INFO  @ Thu, 28 Jul 2022 14:12:10:  70000000 
INFO  @ Thu, 28 Jul 2022 14:12:12:  71000000 
INFO  @ Thu, 28 Jul 2022 14:12:14:  72000000 
INFO  @ Thu, 28 Jul 2022 14:12:16:  73000000 
INFO  @ Thu, 28 Jul 2022 14:12:18:  74000000 
INFO  @ Thu, 28 Jul 2022 14:12:19:  75000000 
INFO  @ Thu, 28 Jul 2022 14:12:21:  76000000 
INFO  @ Thu, 28 Jul 2022 14:12:23:  77000000 
INFO  @ Thu, 28 Jul 2022 14:12:25:  78000000 
INFO  @ Thu, 28 Jul 2022 14:12:26:  79000000 
INFO  @ Thu, 28 Jul 2022 14:12:28:  80000000 
INFO  @ Thu, 28 Jul 2022 14:12:30:  81000000 
INFO  @ Thu, 28 Jul 2022 14:12:32:  82000000 
INFO  @ Thu, 28 Jul 2022 14:12:33:  83000000 
INFO  @ Thu, 28 Jul 2022 14:12:35:  84000000 
INFO  @ Thu, 28 Jul 2022 14:12:37:  85000000 
INFO  @ Thu, 28 Jul 2022 14:12:39:  86000000 
INFO  @ Thu, 28 Jul 2022 14:12:41:  87000000 
INFO  @ Thu, 28 Jul 2022 14:12:46: 87964613 reads have been read. 
INFO  @ Thu, 28 Jul 2022 14:12:47: #1 tag size is determined as 51 bps 
INFO  @ Thu, 28 Jul 2022 14:12:47: #1 tag size = 51.0 
INFO  @ Thu, 28 Jul 2022 14:12:47: #1  total tags in treatment: 93673731 
INFO  @ Thu, 28 Jul 2022 14:12:47: #1  total tags in control: 87964613 
INFO  @ Thu, 28 Jul 2022 14:12:47: #1 finished! 
INFO  @ Thu, 28 Jul 2022 14:12:47: #2 Build Peak Model... 
INFO  @ Thu, 28 Jul 2022 14:12:47: #2 looking for paired plus/minus strand peaks... 
INFO  @ Thu, 28 Jul 2022 14:13:34: #2 number of paired peaks: 2785348 
INFO  @ Thu, 28 Jul 2022 14:13:34: start model_add_line... 
INFO  @ Thu, 28 Jul 2022 14:13:48: start X-correlation... 
INFO  @ Thu, 28 Jul 2022 14:13:48: end of X-cor 
INFO  @ Thu, 28 Jul 2022 14:13:48: #2 finished! 
INFO  @ Thu, 28 Jul 2022 14:13:48: #2 predicted fragment length is 296 bps 
INFO  @ Thu, 28 Jul 2022 14:13:48: #2 alternative fragment length(s) may be 153,296 bps 
INFO  @ Thu, 28 Jul 2022 14:13:48: #2.2 Generate R script for model : MACS2/SRR1914881.filtered.BAM_model.r 
INFO  @ Thu, 28 Jul 2022 14:13:48: #3 Call peaks... 
INFO  @ Thu, 28 Jul 2022 14:13:48: #3 Going to call summits inside each peak ... 
INFO  @ Thu, 28 Jul 2022 14:13:48: #3 Call peaks with given -log10pvalue cutoff: 0.69897 ... 
INFO  @ Thu, 28 Jul 2022 14:13:48: #3 Pre-compute pvalue-qvalue table... 
INFO  @ Thu, 28 Jul 2022 14:24:21: #3 Call peaks for each chromosome... 
INFO  @ Thu, 28 Jul 2022 14:27:09: #4 Write output xls file... MACS2/SRR1914881.filtered.BAM_peaks.xls 
INFO  @ Thu, 28 Jul 2022 14:27:09: #4 Write peak in narrowPeak format file... MACS2/SRR1914881.filtered.BAM_peaks.narrowPeak 
INFO  @ Thu, 28 Jul 2022 14:27:09: #4 Write summits bed file... MACS2/SRR1914881.filtered.BAM_summits.bed 
INFO  @ Thu, 28 Jul 2022 14:27:10: Done! 
