/localdisk/home/kchhatba/mambaforge/envs/snakePipes/bin/ChIP-seq -d . --singleEnd --windowSize 1000 --bwBinSize 1000 --fragmentLength 150 --local -j 196 --peakCaller MACS2 --peakCallerOptions -g mm -m 1 30 -p 0.2 --call-summits --keep-dup all --bigWigType log2ratio GRCm37_gencode_release1 ../GSE67293.ChIP.dict.yaml

TMPDIR=/datastore/homes3/kchhatba/temp PYTHONNOUSERSITE=True /localdisk/home/kchhatba/mambaforge/envs/snakePipes/bin/snakemake --use-conda --conda-prefix /localdisk/home/kchhatba/mambaforge/envs --latency-wait 300 --snakefile /localdisk/home/kchhatba/mambaforge/envs/snakePipes/lib/python3.10/site-packages/snakePipes/workflows/ChIP-seq/Snakefile --jobs 196 --directory /datastore/homes3/kchhatba/abird/abird/Ibrahim_rebuttal_efforts/source_code/chipseq/data/GSE67293_DNA_mapping --configfile /datastore/homes3/kchhatba/abird/abird/Ibrahim_rebuttal_efforts/source_code/chipseq/data/GSE67293_DNA_mapping/ChIP-seq.config.yaml --keep-going


---- This analysis has been done using snakePipes version 2.5.3 ----
Building DAG of jobs...
Using shell: /usr/bin/bash
Provided cores: 196
Rules claiming more threads will be scaled down.
Job stats:
job                         count    min threads    max threads
------------------------  -------  -------------  -------------
MACS2                           2              1              1
MACS2_peak_qc                   2              1              1
all                             1              1              1
bamCompare_log2                 2             16             16
convert_flagstat_output         4              1              1
plotFingerprint                 1             24             24
qc_report_all                   1              1              1
report_flagstat_all_data        1              1              1
total                          14              1             24

Select jobs to execute...

[Thu Jul 28 10:55:29 2022]
rule convert_flagstat_output:
    input: Sambamba/SRR1930030.markdup.txt
    output: Sambamba/SRR1930030.dup.converted.tsv
    log: Sambamba/logs/SRR1930030.convert_flagstat_output.log
    jobid: 12
    reason: Missing output files: Sambamba/SRR1930030.dup.converted.tsv
    wildcards: sample=SRR1930030
    resources: tmpdir=/datastore/homes3/kchhatba/temp


[Thu Jul 28 10:55:29 2022]
rule bamCompare_log2:
    input: filtered_bam/SRR1930030.filtered.bam, filtered_bam/SRR1930030.filtered.bam.bai, filtered_bam/SRR1930031.filtered.bam, filtered_bam/SRR1930031.filtered.bam.bai
    output: deepTools_ChIP/bamCompare/SRR1930030.filtered.log2ratio.over_SRR1930031.bw
    log: deepTools_ChIP/logs/bamCompare.log2ratio.SRR1930030.SRR1930031.filtered.out, deepTools_ChIP/logs/bamCompare.log2ratio.SRR1930030.SRR1930031.filtered.err
    jobid: 3
    benchmark: deepTools_ChIP/.benchmark/bamCompare.log2ratio.SRR1930030.SRR1930031.filtered.benchmark
    reason: Missing output files: deepTools_ChIP/bamCompare/SRR1930030.filtered.log2ratio.over_SRR1930031.bw
    wildcards: chip_sample=SRR1930030, control_name=SRR1930031
    threads: 16
    resources: tmpdir=/datastore/homes3/kchhatba/temp


[Thu Jul 28 10:55:29 2022]
rule MACS2:
    input: filtered_bam/SRR1930030.filtered.bam, filtered_bam/SRR1930031.filtered.bam
    output: MACS2/SRR1930030.filtered.BAM_peaks.xls
    log: MACS2/logs/MACS2.SRR1930030.filtered.out, MACS2/logs/MACS2.SRR1930030.filtered.err
    jobid: 5
    benchmark: MACS2/.benchmark/MACS2.SRR1930030.filtered.benchmark
    reason: Missing output files: MACS2/SRR1930030.filtered.BAM_peaks.xls
    wildcards: chip_sample=SRR1930030
    resources: tmpdir=/datastore/homes3/kchhatba/temp

Activating conda environment: ../../../../../../../../../../localdisk/home/kchhatba/mambaforge/envs/13f8b7bb80e180b51e4fd84d66270711
Activating conda environment: ../../../../../../../../../../localdisk/home/kchhatba/mambaforge/envs/ab713b15b628540f558bb8c1820e193f

[Thu Jul 28 10:55:29 2022]
rule convert_flagstat_output:
    input: Sambamba/SRR1930029.markdup.txt
    output: Sambamba/SRR1930029.dup.converted.tsv
    log: Sambamba/logs/SRR1930029.convert_flagstat_output.log
    jobid: 11
    reason: Missing output files: Sambamba/SRR1930029.dup.converted.tsv
    wildcards: sample=SRR1930029
    resources: tmpdir=/datastore/homes3/kchhatba/temp


[Thu Jul 28 10:55:29 2022]
rule convert_flagstat_output:
    input: Sambamba/SRR1930031.markdup.txt
    output: Sambamba/SRR1930031.dup.converted.tsv
    log: Sambamba/logs/SRR1930031.convert_flagstat_output.log
    jobid: 13
    reason: Missing output files: Sambamba/SRR1930031.dup.converted.tsv
    wildcards: sample=SRR1930031
    resources: tmpdir=/datastore/homes3/kchhatba/temp


[Thu Jul 28 10:55:29 2022]
rule plotFingerprint:
    input: filtered_bam/SRR1930028.filtered.bam, filtered_bam/SRR1930029.filtered.bam, filtered_bam/SRR1930030.filtered.bam, filtered_bam/SRR1930031.filtered.bam, filtered_bam/SRR1930028.filtered.bam.bai, filtered_bam/SRR1930029.filtered.bam.bai, filtered_bam/SRR1930030.filtered.bam.bai, filtered_bam/SRR1930031.filtered.bam.bai
    output: deepTools_ChIP/plotFingerprint/plotFingerprint.metrics.txt
    log: deepTools_ChIP/logs/plotFingerprint.out, deepTools_ChIP/logs/plotFingerprint.err
    jobid: 1
    benchmark: deepTools_ChIP/.benchmark/plotFingerprint.benchmark
    reason: Missing output files: deepTools_ChIP/plotFingerprint/plotFingerprint.metrics.txt
    threads: 24
    resources: tmpdir=/datastore/homes3/kchhatba/temp

Activating conda environment: ../../../../../../../../../../localdisk/home/kchhatba/mambaforge/envs/13f8b7bb80e180b51e4fd84d66270711

[Thu Jul 28 10:55:29 2022]
rule bamCompare_log2:
    input: filtered_bam/SRR1930028.filtered.bam, filtered_bam/SRR1930028.filtered.bam.bai, filtered_bam/SRR1930029.filtered.bam, filtered_bam/SRR1930029.filtered.bam.bai
    output: deepTools_ChIP/bamCompare/SRR1930028.filtered.log2ratio.over_SRR1930029.bw
    log: deepTools_ChIP/logs/bamCompare.log2ratio.SRR1930028.SRR1930029.filtered.out, deepTools_ChIP/logs/bamCompare.log2ratio.SRR1930028.SRR1930029.filtered.err
    jobid: 2
    benchmark: deepTools_ChIP/.benchmark/bamCompare.log2ratio.SRR1930028.SRR1930029.filtered.benchmark
    reason: Missing output files: deepTools_ChIP/bamCompare/SRR1930028.filtered.log2ratio.over_SRR1930029.bw
    wildcards: chip_sample=SRR1930028, control_name=SRR1930029
    threads: 16
    resources: tmpdir=/datastore/homes3/kchhatba/temp

Activating conda environment: ../../../../../../../../../../localdisk/home/kchhatba/mambaforge/envs/13f8b7bb80e180b51e4fd84d66270711

[Thu Jul 28 10:55:29 2022]
rule MACS2:
    input: filtered_bam/SRR1930028.filtered.bam, filtered_bam/SRR1930029.filtered.bam
    output: MACS2/SRR1930028.filtered.BAM_peaks.xls
    log: MACS2/logs/MACS2.SRR1930028.filtered.out, MACS2/logs/MACS2.SRR1930028.filtered.err
    jobid: 4
    benchmark: MACS2/.benchmark/MACS2.SRR1930028.filtered.benchmark
    reason: Missing output files: MACS2/SRR1930028.filtered.BAM_peaks.xls
    wildcards: chip_sample=SRR1930028
    resources: tmpdir=/datastore/homes3/kchhatba/temp

Activating conda environment: ../../../../../../../../../../localdisk/home/kchhatba/mambaforge/envs/ab713b15b628540f558bb8c1820e193f

[Thu Jul 28 10:55:29 2022]
rule convert_flagstat_output:
    input: Sambamba/SRR1930028.markdup.txt
    output: Sambamba/SRR1930028.dup.converted.tsv
    log: Sambamba/logs/SRR1930028.convert_flagstat_output.log
    jobid: 10
    reason: Missing output files: Sambamba/SRR1930028.dup.converted.tsv
    wildcards: sample=SRR1930028
    resources: tmpdir=/datastore/homes3/kchhatba/temp

[Thu Jul 28 10:55:29 2022]
Finished job 12.
1 of 14 steps (7%) done
[Thu Jul 28 10:55:29 2022]
Finished job 11.
2 of 14 steps (14%) done
[Thu Jul 28 10:55:29 2022]
Finished job 13.
3 of 14 steps (21%) done
[Thu Jul 28 10:55:29 2022]
Finished job 10.
4 of 14 steps (29%) done
Select jobs to execute...

[Thu Jul 28 10:55:29 2022]
rule report_flagstat_all_data:
    input: Sambamba/SRR1930028.dup.converted.tsv, Sambamba/SRR1930029.dup.converted.tsv, Sambamba/SRR1930030.dup.converted.tsv, Sambamba/SRR1930031.dup.converted.tsv
    output: Sambamba/flagstat_report_all.tsv
    log: Sambamba/logs/report_flagstat_all_data.log
    jobid: 9
    reason: Missing output files: Sambamba/flagstat_report_all.tsv; Input files updated by another job: Sambamba/SRR1930030.dup.converted.tsv, Sambamba/SRR1930031.dup.converted.tsv, Sambamba/SRR1930028.dup.converted.tsv, Sambamba/SRR1930029.dup.converted.tsv
    resources: tmpdir=/datastore/homes3/kchhatba/temp

[Thu Jul 28 10:55:29 2022]
Finished job 9.
5 of 14 steps (36%) done
Removing temporary output Sambamba/SRR1930028.dup.converted.tsv.
Removing temporary output Sambamba/SRR1930029.dup.converted.tsv.
Removing temporary output Sambamba/SRR1930030.dup.converted.tsv.
Removing temporary output Sambamba/SRR1930031.dup.converted.tsv.
[Thu Jul 28 10:56:54 2022]
Finished job 2.
6 of 14 steps (43%) done
[Thu Jul 28 10:57:03 2022]
Finished job 3.
7 of 14 steps (50%) done
[Thu Jul 28 10:59:49 2022]
Finished job 4.
8 of 14 steps (57%) done
Select jobs to execute...

[Thu Jul 28 10:59:49 2022]
rule MACS2_peak_qc:
    input: filtered_bam/SRR1930028.filtered.bam, MACS2/SRR1930028.filtered.BAM_peaks.xls
    output: MACS2/SRR1930028.filtered.BAM_peaks.qc.txt
    jobid: 6
    benchmark: MACS2/.benchmark/MACS2_peak_qc.SRR1930028.filtered.benchmark
    reason: Missing output files: MACS2/SRR1930028.filtered.BAM_peaks.qc.txt; Input files updated by another job: MACS2/SRR1930028.filtered.BAM_peaks.xls
    wildcards: sample=SRR1930028
    resources: tmpdir=/datastore/homes3/kchhatba/temp

Activating conda environment: ../../../../../../../../../../localdisk/home/kchhatba/mambaforge/envs/13f8b7bb80e180b51e4fd84d66270711
[Thu Jul 28 11:00:18 2022]
Finished job 6.
9 of 14 steps (64%) done
[Thu Jul 28 11:01:16 2022]
Finished job 5.
10 of 14 steps (71%) done
Select jobs to execute...

[Thu Jul 28 11:01:16 2022]
rule MACS2_peak_qc:
    input: filtered_bam/SRR1930030.filtered.bam, MACS2/SRR1930030.filtered.BAM_peaks.xls
    output: MACS2/SRR1930030.filtered.BAM_peaks.qc.txt
    jobid: 7
    benchmark: MACS2/.benchmark/MACS2_peak_qc.SRR1930030.filtered.benchmark
    reason: Missing output files: MACS2/SRR1930030.filtered.BAM_peaks.qc.txt; Input files updated by another job: MACS2/SRR1930030.filtered.BAM_peaks.xls
    wildcards: sample=SRR1930030
    resources: tmpdir=/datastore/homes3/kchhatba/temp

Activating conda environment: ../../../../../../../../../../localdisk/home/kchhatba/mambaforge/envs/13f8b7bb80e180b51e4fd84d66270711
[Thu Jul 28 11:02:01 2022]
Finished job 7.
11 of 14 steps (79%) done
[Thu Jul 28 11:20:56 2022]
Finished job 1.
12 of 14 steps (86%) done
Select jobs to execute...

[Thu Jul 28 11:20:56 2022]
rule qc_report_all:
    input: Sambamba/flagstat_report_all.tsv, deepTools_ChIP/plotFingerprint/plotFingerprint.metrics.txt
    output: QC_report/QC_report_all.tsv
    log: QC_report/logs/qc_report_all.log
    jobid: 8
    reason: Missing output files: QC_report/QC_report_all.tsv; Input files updated by another job: deepTools_ChIP/plotFingerprint/plotFingerprint.metrics.txt, Sambamba/flagstat_report_all.tsv
    resources: tmpdir=/datastore/homes3/kchhatba/temp

[Thu Jul 28 11:20:56 2022]
Finished job 8.
13 of 14 steps (93%) done
Select jobs to execute...

[Thu Jul 28 11:20:56 2022]
localrule all:
    input: deepTools_ChIP/plotFingerprint/plotFingerprint.metrics.txt, deepTools_ChIP/bamCompare/SRR1930028.filtered.log2ratio.over_SRR1930029.bw, deepTools_ChIP/bamCompare/SRR1930030.filtered.log2ratio.over_SRR1930031.bw, MACS2/SRR1930028.filtered.BAM_peaks.xls, MACS2/SRR1930030.filtered.BAM_peaks.xls, MACS2/SRR1930028.filtered.BAM_peaks.qc.txt, MACS2/SRR1930030.filtered.BAM_peaks.qc.txt, QC_report/QC_report_all.tsv
    jobid: 0
    reason: Input files updated by another job: deepTools_ChIP/bamCompare/SRR1930030.filtered.log2ratio.over_SRR1930031.bw, MACS2/SRR1930028.filtered.BAM_peaks.xls, QC_report/QC_report_all.tsv, deepTools_ChIP/plotFingerprint/plotFingerprint.metrics.txt, MACS2/SRR1930030.filtered.BAM_peaks.qc.txt, MACS2/SRR1930028.filtered.BAM_peaks.qc.txt, MACS2/SRR1930030.filtered.BAM_peaks.xls, deepTools_ChIP/bamCompare/SRR1930028.filtered.log2ratio.over_SRR1930029.bw
    resources: tmpdir=/datastore/homes3/kchhatba/temp

[Thu Jul 28 11:20:56 2022]
Finished job 0.
14 of 14 steps (100%) done
Complete log: .snakemake/log/2022-07-28T105527.101052.snakemake.log
