

BAM file : filtered_bam/SRR1930028.filtered.bam
No pairs were found. Is the data from a paired-end sequencing experiment?

Read lengths:
Sample size: 10351261

Min.: 50.0
1st Qu.: 50.0
Mean: 50.0
Median: 50.0
3rd Qu.: 50.0
Max.: 50.0
Std: 0.0
MAD: 0.0
Len. 10%: 50.0
Len. 20%: 50.0
Len. 30%: 50.0
Len. 40%: 50.0
Len. 60%: 50.0
Len. 70%: 50.0
Len. 80%: 50.0
Len. 90%: 50.0
Len. 99%: 50.0



BAM file : filtered_bam/SRR1930029.filtered.bam
No pairs were found. Is the data from a paired-end sequencing experiment?

Read lengths:
Sample size: 7175765

Min.: 50.0
1st Qu.: 50.0
Mean: 50.0
Median: 50.0
3rd Qu.: 50.0
Max.: 50.0
Std: 0.0
MAD: 0.0
Len. 10%: 50.0
Len. 20%: 50.0
Len. 30%: 50.0
Len. 40%: 50.0
Len. 60%: 50.0
Len. 70%: 50.0
Len. 80%: 50.0
Len. 90%: 50.0
Len. 99%: 50.0



BAM file : filtered_bam/SRR1930030.filtered.bam
No pairs were found. Is the data from a paired-end sequencing experiment?

Read lengths:
Sample size: 24906894

Min.: 50.0
1st Qu.: 50.0
Mean: 50.0
Median: 50.0
3rd Qu.: 50.0
Max.: 50.0
Std: 0.0
MAD: 0.0
Len. 10%: 50.0
Len. 20%: 50.0
Len. 30%: 50.0
Len. 40%: 50.0
Len. 60%: 50.0
Len. 70%: 50.0
Len. 80%: 50.0
Len. 90%: 50.0
Len. 99%: 50.0



BAM file : filtered_bam/SRR1930031.filtered.bam
No pairs were found. Is the data from a paired-end sequencing experiment?

Read lengths:
Sample size: 6098697

Min.: 50.0
1st Qu.: 50.0
Mean: 50.0
Median: 50.0
3rd Qu.: 50.0
Max.: 50.0
Std: 0.0
MAD: 0.0
Len. 10%: 50.0
Len. 20%: 50.0
Len. 30%: 50.0
Len. 40%: 50.0
Len. 60%: 50.0
Len. 70%: 50.0
Len. 80%: 50.0
Len. 90%: 50.0
Len. 99%: 50.0

